\BOOKMARK [1][-]{section.1}{\376\377\000I\000n\000t\000r\000o\000d\000u\000c\000t\000i\000o\000n}{}% 1
\BOOKMARK [1][-]{section.2}{\376\377\000R\000a\000n\000d\000o\000m\000\040\000D\000o\000t\000\040\000P\000r\000o\000d\000u\000c\000t\000\040\000G\000r\000a\000p\000h\000s}{}% 2
\BOOKMARK [2][-]{subsection.2.1}{\376\377\000L\000a\000t\000e\000n\000t\000\040\000p\000o\000s\000i\000t\000i\000o\000n\000s\000\040\000a\000n\000d\000\040\000c\000o\000n\000n\000e\000c\000t\000i\000o\000n\000\040\000p\000r\000o\000b\000a\000b\000i\000l\000i\000t\000i\000e\000s}{section.2}% 3
\BOOKMARK [2][-]{subsection.2.2}{\376\377\000A\000d\000j\000a\000c\000e\000n\000c\000y\000\040\000s\000p\000e\000c\000t\000r\000a\000l\000\040\000e\000m\000b\000e\000d\000d\000i\000n\000g}{section.2}% 4
\BOOKMARK [1][-]{section.3}{\376\377\000T\000h\000e\000\040\000G\000a\000u\000g\000e\000\040\000O\000b\000s\000t\000r\000u\000c\000t\000i\000o\000n}{}% 5
\BOOKMARK [2][-]{subsection.3.1}{\376\377\000G\000a\000u\000g\000e\000\040\000f\000r\000e\000e\000d\000o\000m\000\040\000a\000n\000d\000\040\000o\000b\000s\000e\000r\000v\000a\000b\000i\000l\000i\000t\000y}{section.3}% 6
\BOOKMARK [2][-]{subsection.3.2}{\376\377\000R\000e\000a\000l\000i\000z\000a\000b\000l\000e\000\040\000d\000y\000n\000a\000m\000i\000c\000s}{section.3}% 7
\BOOKMARK [2][-]{subsection.3.3}{\376\377\000T\000h\000e\000\040\000f\000i\000b\000e\000r\000\040\000b\000u\000n\000d\000l\000e\000\040\000p\000e\000r\000s\000p\000e\000c\000t\000i\000v\000e}{section.3}% 8
\BOOKMARK [3][-]{subsubsection.3.3.1}{\376\377\000W\000h\000y\000\040\000f\000i\000b\000e\000r\000\040\000b\000u\000n\000d\000l\000e\000s\000?}{subsection.3.3}% 9
\BOOKMARK [3][-]{subsubsection.3.3.2}{\376\377\000T\000h\000e\000\040\000p\000r\000o\000b\000a\000b\000i\000l\000i\000t\000y\000\040\000c\000o\000n\000s\000t\000r\000a\000i\000n\000t}{subsection.3.3}% 10
\BOOKMARK [3][-]{subsubsection.3.3.3}{\376\377\000P\000r\000i\000n\000c\000i\000p\000a\000l\000\040\000b\000u\000n\000d\000l\000e\000\040\000s\000t\000r\000u\000c\000t\000u\000r\000e}{subsection.3.3}% 11
\BOOKMARK [3][-]{subsubsection.3.3.4}{\376\377\000D\000e\000c\000o\000m\000p\000o\000s\000i\000n\000g\000\040\000m\000o\000t\000i\000o\000n\000:\000\040\000v\000e\000r\000t\000i\000c\000a\000l\000\040\000a\000n\000d\000\040\000h\000o\000r\000i\000z\000o\000n\000t\000a\000l}{subsection.3.3}% 12
\BOOKMARK [3][-]{subsubsection.3.3.5}{\376\377\000T\000h\000e\000\040\000c\000o\000n\000n\000e\000c\000t\000i\000o\000n\000\040\0001\000-\000f\000o\000r\000m\000:\000\040\000e\000x\000t\000r\000a\000c\000t\000i\000n\000g\000\040\000g\000a\000u\000g\000e\000\040\000c\000o\000m\000p\000o\000n\000e\000n\000t\000s}{subsection.3.3}% 13
\BOOKMARK [3][-]{subsubsection.3.3.6}{\376\377\000H\000o\000r\000i\000z\000o\000n\000t\000a\000l\000\040\000l\000i\000f\000t\000s\000\040\000a\000n\000d\000\040\000p\000a\000r\000a\000l\000l\000e\000l\000\040\000t\000r\000a\000n\000s\000p\000o\000r\000t}{subsection.3.3}% 14
\BOOKMARK [3][-]{subsubsection.3.3.7}{\376\377\000C\000u\000r\000v\000a\000t\000u\000r\000e\000\040\000a\000n\000d\000\040\000h\000o\000l\000o\000n\000o\000m\000y}{subsection.3.3}% 15
\BOOKMARK [3][-]{subsubsection.3.3.8}{\376\377\000R\000i\000e\000m\000a\000n\000n\000i\000a\000n\000\040\000s\000t\000r\000u\000c\000t\000u\000r\000e}{subsection.3.3}% 16
\BOOKMARK [1][-]{section.4}{\376\377\000R\000e\000c\000o\000v\000e\000r\000i\000n\000g\000\040\000t\000r\000a\000j\000e\000c\000t\000o\000r\000i\000e\000s\000\040\000f\000r\000o\000m\000\040\000s\000p\000e\000c\000t\000r\000a\000l\000\040\000e\000m\000b\000e\000d\000d\000i\000n\000g\000s}{}% 17
\BOOKMARK [2][-]{subsection.4.1}{\376\377\000A\000S\000E\000\040\000i\000n\000t\000r\000o\000d\000u\000c\000e\000s\000\040\000a\000r\000b\000i\000t\000r\000a\000r\000y\000\040\000g\000a\000u\000g\000e\000\040\000t\000r\000a\000n\000s\000f\000o\000r\000m\000a\000t\000i\000o\000n\000s}{section.4}% 18
\BOOKMARK [2][-]{subsection.4.2}{\376\377\000F\000i\000n\000i\000t\000e\000\040\000d\000i\000f\000f\000e\000r\000e\000n\000c\000e\000s\000\040\000f\000a\000i\000l}{section.4}% 19
\BOOKMARK [2][-]{subsection.4.3}{\376\377\000P\000a\000i\000r\000w\000i\000s\000e\000\040\000a\000l\000i\000g\000n\000m\000e\000n\000t\000\040\000a\000n\000d\000\040\000e\000r\000r\000o\000r\000\040\000a\000c\000c\000u\000m\000u\000l\000a\000t\000i\000o\000n}{section.4}% 20
\BOOKMARK [2][-]{subsection.4.4}{\376\377\000W\000h\000y\000\040\000e\000x\000i\000s\000t\000i\000n\000g\000\040\000j\000o\000i\000n\000t\000\040\000e\000m\000b\000e\000d\000d\000i\000n\000g\000\040\000m\000e\000t\000h\000o\000d\000s\000\040\000d\000o\000n\000'\000t\000\040\000h\000e\000l\000p}{section.4}% 21
\BOOKMARK [2][-]{subsection.4.5}{\376\377\000W\000h\000y\000\040\000B\000a\000y\000e\000s\000i\000a\000n\000\040\000s\000m\000o\000o\000t\000h\000i\000n\000g\000\040\000a\000p\000p\000r\000o\000a\000c\000h\000e\000s\000\040\000a\000r\000e\000\040\000i\000n\000s\000u\000f\000f\000i\000c\000i\000e\000n\000t}{section.4}% 22
\BOOKMARK [1][-]{section.5}{\376\377\000D\000y\000n\000a\000m\000i\000c\000s\000\040\000o\000n\000\040\000R\000D\000P\000G\000s}{}% 23
\BOOKMARK [2][-]{subsection.5.1}{\376\377\000F\000a\000m\000i\000l\000i\000e\000s\000\040\000o\000f\000\040\000R\000D\000P\000G\000\040\000d\000y\000n\000a\000m\000i\000c\000s}{section.5}% 24
\BOOKMARK [2][-]{subsection.5.2}{\376\377\000O\000b\000s\000e\000r\000v\000a\000b\000l\000e\000\040\000d\000y\000n\000a\000m\000i\000c\000s\000\040\000a\000n\000d\000\040\000t\000h\000e\000\040\000L\000y\000a\000p\000u\000n\000o\000v\000\040\000e\000q\000u\000a\000t\000i\000o\000n}{section.5}% 25
\BOOKMARK [2][-]{subsection.5.3}{\376\377\000H\000o\000l\000o\000n\000o\000m\000y\000\040\000f\000o\000r\000\040\000h\000o\000r\000i\000z\000o\000n\000t\000a\000l\000\040\000d\000y\000n\000a\000m\000i\000c\000s\000\040\000f\000a\000m\000i\000l\000i\000e\000s}{section.5}% 26
\BOOKMARK [1][-]{section.6}{\376\377\000I\000n\000f\000o\000r\000m\000a\000t\000i\000o\000n\000-\000t\000h\000e\000o\000r\000e\000t\000i\000c\000\040\000l\000i\000m\000i\000t\000s}{}% 27
\BOOKMARK [2][-]{subsection.6.1}{\376\377\000F\000i\000s\000h\000e\000r\000\040\000i\000n\000f\000o\000r\000m\000a\000t\000i\000o\000n\000\040\000f\000o\000r\000\040\000d\000y\000n\000a\000m\000i\000c\000s\000\040\000p\000a\000r\000a\000m\000e\000t\000e\000r\000s}{section.6}% 28
\BOOKMARK [2][-]{subsection.6.2}{\376\377\000S\000e\000n\000s\000i\000t\000i\000v\000i\000t\000y\000\040\000p\000r\000o\000p\000a\000g\000a\000t\000i\000o\000n\000\040\000t\000h\000r\000o\000u\000g\000h\000\040\000t\000h\000e\000\040\000L\000y\000a\000p\000u\000n\000o\000v\000\040\000e\000q\000u\000a\000t\000i\000o\000n}{section.6}% 29
\BOOKMARK [2][-]{subsection.6.3}{\376\377\000G\000e\000n\000e\000r\000a\000l\000\040\000d\000y\000n\000a\000m\000i\000c\000s\000\040\000a\000n\000d\000\040\000t\000h\000e\000\040\000L\000y\000a\000p\000u\000n\000o\000v\000\040\000a\000m\000p\000l\000i\000f\000i\000c\000a\000t\000i\000o\000n}{section.6}% 30
\BOOKMARK [2][-]{subsection.6.4}{\376\377\000T\000h\000e\000\040\000s\000t\000a\000t\000i\000s\000t\000i\000c\000a\000l\000-\000g\000e\000o\000m\000e\000t\000r\000i\000c\000\040\000d\000u\000a\000l\000i\000t\000y}{section.6}% 31
\BOOKMARK [1][-]{section.7}{\376\377\000T\000h\000e\000\040\000C\000o\000n\000s\000t\000r\000u\000c\000t\000i\000v\000e\000\040\000P\000r\000o\000b\000l\000e\000m\000:\000\040\000I\000d\000e\000n\000t\000i\000f\000i\000a\000b\000i\000l\000i\000t\000y\000\040\000a\000n\000d\000\040\000I\000t\000s\000\040\000L\000i\000m\000i\000t\000s}{}% 32
\BOOKMARK [2][-]{subsection.7.1}{\376\377\000S\000t\000r\000u\000c\000t\000u\000r\000e\000-\000c\000o\000n\000s\000t\000r\000a\000i\000n\000e\000d\000\040\000a\000l\000i\000g\000n\000m\000e\000n\000t}{section.7}% 33
\BOOKMARK [2][-]{subsection.7.2}{\376\377\000T\000h\000e\000\040\000i\000d\000e\000n\000t\000i\000f\000i\000a\000b\000i\000l\000i\000t\000y\000\040\000p\000r\000i\000n\000c\000i\000p\000l\000e}{section.7}% 34
\BOOKMARK [2][-]{subsection.7.3}{\376\377\000T\000h\000e\000\040\000d\000o\000w\000n\000s\000t\000r\000e\000a\000m\000\040\000p\000i\000p\000e\000l\000i\000n\000e\000:\000\040\000f\000r\000o\000m\000\040\000t\000r\000a\000j\000e\000c\000t\000o\000r\000i\000e\000s\000\040\000t\000o\000\040\000e\000q\000u\000a\000t\000i\000o\000n\000s}{section.7}% 35
\BOOKMARK [2][-]{subsection.7.4}{\376\377\000W\000h\000y\000\040\000t\000h\000e\000\040\000c\000o\000n\000s\000t\000r\000u\000c\000t\000i\000v\000e\000\040\000p\000r\000o\000b\000l\000e\000m\000\040\000r\000e\000m\000a\000i\000n\000s\000\040\000o\000p\000e\000n}{section.7}% 36
\BOOKMARK [2][-]{subsection.7.5}{\376\377\000A\000n\000c\000h\000o\000r\000-\000b\000a\000s\000e\000d\000\040\000a\000l\000i\000g\000n\000m\000e\000n\000t\000:\000\040\000a\000\040\000t\000r\000a\000c\000t\000a\000b\000l\000e\000\040\000s\000p\000e\000c\000i\000a\000l\000\040\000c\000a\000s\000e}{section.7}% 37
\BOOKMARK [2][-]{subsection.7.6}{\376\377\000N\000u\000m\000e\000r\000i\000c\000a\000l\000\040\000i\000l\000l\000u\000s\000t\000r\000a\000t\000i\000o\000n}{section.7}% 38
\BOOKMARK [3][-]{subsubsection.7.6.1}{\376\377\000E\000x\000p\000e\000r\000i\000m\000e\000n\000t\000\040\0001\000:\000\040\000A\000n\000c\000h\000o\000r\000-\000b\000a\000s\000e\000d\000\040\000a\000l\000i\000g\000n\000m\000e\000n\000t}{subsection.7.6}% 39
\BOOKMARK [3][-]{subsubsection.7.6.2}{\376\377\000E\000x\000p\000e\000r\000i\000m\000e\000n\000t\000\040\0002\000:\000\040\000U\000D\000E\000\040\000p\000i\000p\000e\000l\000i\000n\000e\000\040\000w\000i\000t\000h\000\040\000n\000o\000n\000-\000g\000a\000u\000g\000e\000-\000e\000q\000u\000i\000v\000a\000r\000i\000a\000n\000t\000\040\000d\000y\000n\000a\000m\000i\000c\000s}{subsection.7.6}% 40
\BOOKMARK [1][-]{section.8}{\376\377\000D\000i\000s\000c\000u\000s\000s\000i\000o\000n\000\040\000a\000n\000d\000\040\000c\000o\000n\000c\000l\000u\000s\000i\000o\000n}{}% 41
\BOOKMARK [1][-]{appendix.A}{\376\377\000D\000e\000f\000e\000r\000r\000e\000d\000\040\000P\000r\000o\000o\000f\000s}{}% 42
\BOOKMARK [1][-]{appendix.B}{\376\377\000V\000e\000r\000t\000i\000c\000a\000l\000\040\000P\000r\000o\000j\000e\000c\000t\000i\000o\000n\000\040\000o\000n\000t\000o\000\040\000t\000h\000e\000\040\000F\000i\000b\000e\000r}{}% 43
\BOOKMARK [1][-]{appendix.C}{\376\377\000N\000o\000r\000m\000\040\000o\000f\000\040\000t\000h\000e\000\040\000V\000e\000r\000t\000i\000c\000a\000l\000\040\000B\000r\000a\000c\000k\000e\000t\000\040\000C\000o\000m\000p\000o\000n\000e\000n\000t}{}% 44
\BOOKMARK [1][-]{appendix.D}{\376\377\000E\000x\000t\000e\000n\000s\000i\000o\000n\000\040\000t\000o\000\040\000D\000i\000r\000e\000c\000t\000e\000d\000\040\000G\000r\000a\000p\000h\000s}{}% 45
