This is pdfTeX, Version 3.141592653-2.6-1.40.22 (TeX Live 2022/dev/Debian) (preloaded format=pdflatex 2026.2.17)  23 FEB 2026 08:32
entering extended mode
 restricted \write18 enabled.
 %&-line parsing enabled.
**paper.tex
(./paper.tex
LaTeX2e <2021-11-15> patch level 1
L3 programming layer <2022-01-21> (./imsart.cls
Document Class: imsart 2025/03/18 driver class for package imsart.sty
(/usr/share/texlive/texmf-dist/tex/latex/base/article.cls
Document Class: article 2021/10/04 v1.4n Standard LaTeX document class
(/usr/share/texlive/texmf-dist/tex/latex/base/size10.clo
File: size10.clo 2021/10/04 v1.4n Standard LaTeX file (size option)
)
\c@part=\count185
\c@section=\count186
\c@subsection=\count187
\c@subsubsection=\count188
\c@paragraph=\count189
\c@subparagraph=\count190
\c@figure=\count191
\c@table=\count192
\abovecaptionskip=\skip47
\belowcaptionskip=\skip48
\bibindent=\dimen138
) (./imsart.sty
File: imsart.sty 2025/09/03 IMS article style

(/usr/share/texlive/texmf-dist/tex/latex/etoolbox/etoolbox.sty
Package: etoolbox 2020/10/05 v2.5k e-TeX tools for LaTeX (JAW)
\etb@tempcnta=\count193
)
No file imsart.cnf.
\c@firstpage=\count194
\c@lastpage=\count195
\c@thanks=\count196
\c@addressref=\count197
(/usr/share/texlive/texmf-dist/tex/latex/graphics/keyval.sty
Package: keyval 2014/10/28 v1.15 key=value parser (DPC)
\KV@toks@=\toks16
)
\c@emailref=\count198

(/usr/share/texlive/texmf-dist/tex/generic/iftex/ifpdf.sty
Package: ifpdf 2019/10/25 v3.4 ifpdf legacy package. Use iftex instead.

(/usr/share/texlive/texmf-dist/tex/generic/iftex/iftex.sty
Package: iftex 2020/03/06 v1.0d TeX engine tests
))
\tablewidth=\dimen139
\c@tabnote=\count199
\tabnotestoks=\toks17
\c@author=\count266
\c@address=\count267
\sv@mathsurround=\dimen140
\sv@parindent=\dimen141
\fm@box=\box50
\fm@size=\dimen142
\t@xtheight=\dimen143
\abstract@box=\box51
\keyword@box=\box52
\pre@kwd@depth=\dimen144

(/usr/share/texmf/tex/latex/lm/lmodern.sty
Package: lmodern 2009/10/30 v1.6 Latin Modern Fonts
LaTeX Font Info:    Overwriting symbol font `operators' in version `normal'
(Font)                  OT1/cmr/m/n --> OT1/lmr/m/n on input line 22.
LaTeX Font Info:    Overwriting symbol font `letters' in version `normal'
(Font)                  OML/cmm/m/it --> OML/lmm/m/it on input line 23.
LaTeX Font Info:    Overwriting symbol font `symbols' in version `normal'
(Font)                  OMS/cmsy/m/n --> OMS/lmsy/m/n on input line 24.
LaTeX Font Info:    Overwriting symbol font `largesymbols' in version `normal'
(Font)                  OMX/cmex/m/n --> OMX/lmex/m/n on input line 25.
LaTeX Font Info:    Overwriting symbol font `operators' in version `bold'
(Font)                  OT1/cmr/bx/n --> OT1/lmr/bx/n on input line 26.
LaTeX Font Info:    Overwriting symbol font `letters' in version `bold'
(Font)                  OML/cmm/b/it --> OML/lmm/b/it on input line 27.
LaTeX Font Info:    Overwriting symbol font `symbols' in version `bold'
(Font)                  OMS/cmsy/b/n --> OMS/lmsy/b/n on input line 28.
LaTeX Font Info:    Overwriting symbol font `largesymbols' in version `bold'
(Font)                  OMX/cmex/m/n --> OMX/lmex/m/n on input line 29.
LaTeX Font Info:    Overwriting math alphabet `\mathbf' in version `normal'
(Font)                  OT1/cmr/bx/n --> OT1/lmr/bx/n on input line 31.
LaTeX Font Info:    Overwriting math alphabet `\mathsf' in version `normal'
(Font)                  OT1/cmss/m/n --> OT1/lmss/m/n on input line 32.
LaTeX Font Info:    Overwriting math alphabet `\mathit' in version `normal'
(Font)                  OT1/cmr/m/it --> OT1/lmr/m/it on input line 33.
LaTeX Font Info:    Overwriting math alphabet `\mathtt' in version `normal'
(Font)                  OT1/cmtt/m/n --> OT1/lmtt/m/n on input line 34.
LaTeX Font Info:    Overwriting math alphabet `\mathbf' in version `bold'
(Font)                  OT1/cmr/bx/n --> OT1/lmr/bx/n on input line 35.
LaTeX Font Info:    Overwriting math alphabet `\mathsf' in version `bold'
(Font)                  OT1/cmss/bx/n --> OT1/lmss/bx/n on input line 36.
LaTeX Font Info:    Overwriting math alphabet `\mathit' in version `bold'
(Font)                  OT1/cmr/bx/it --> OT1/lmr/bx/it on input line 37.
LaTeX Font Info:    Overwriting math alphabet `\mathtt' in version `bold'
(Font)                  OT1/cmtt/m/n --> OT1/lmtt/m/n on input line 38.
)
(/usr/share/texlive/texmf-dist/tex/latex/base/fontenc.sty
Package: fontenc 2021/04/29 v2.0v Standard LaTeX package
LaTeX Font Info:    Trying to load font information for T1+lmr on input line 11
2.

(/usr/share/texmf/tex/latex/lm/t1lmr.fd
File: t1lmr.fd 2009/10/30 v1.6 Font defs for Latin Modern
))
(/usr/share/texlive/texmf-dist/tex/latex/base/fontenc.sty
Package: fontenc 2021/04/29 v2.0v Standard LaTeX package
)

Package imsart Warning: nimbusserif package isn't available, falling back to de
fault Times Roman equivalent font on input line 2682.

(/usr/share/texlive/texmf-dist/tex/latex/psnfss/times.sty
Package: times 2020/03/25 PSNFSS-v9.3 (SPQR) 
)
(/usr/share/texlive/texmf-dist/tex/latex/psnfss/courier.sty
Package: courier 2020/03/25 PSNFSS-v9.3 (WaS) 
)
(/usr/share/texlive/texmf-dist/tex/latex/psnfss/helvet.sty
Package: helvet 2020/03/25 PSNFSS-v9.3 (WaS) 
)
(/usr/share/texlive/texmf-dist/tex/latex/base/textcomp.sty
Package: textcomp 2020/02/02 v2.0n Standard LaTeX package
)

Package imsart Warning: newtxmath package isn't available, amsmath and mathptmx
 are used instead on input line 2682.

(/usr/share/texlive/texmf-dist/tex/latex/amscls/amsthm.sty
Package: amsthm 2020/05/29 v2.20.6
\thm@style=\toks18
\thm@bodyfont=\toks19
\thm@headfont=\toks20
\thm@notefont=\toks21
\thm@headpunct=\toks22
\thm@preskip=\skip49
\thm@postskip=\skip50
\thm@headsep=\skip51
\dth@everypar=\toks23
)
(/usr/share/texlive/texmf-dist/tex/latex/amsmath/amsmath.sty
Package: amsmath 2021/10/15 v2.17l AMS math features
\@mathmargin=\skip52

For additional information on amsmath, use the `?' option.
(/usr/share/texlive/texmf-dist/tex/latex/amsmath/amstext.sty
Package: amstext 2021/08/26 v2.01 AMS text

(/usr/share/texlive/texmf-dist/tex/latex/amsmath/amsgen.sty
File: amsgen.sty 1999/11/30 v2.0 generic functions
\@emptytoks=\toks24
\ex@=\dimen145
))
(/usr/share/texlive/texmf-dist/tex/latex/amsmath/amsbsy.sty
Package: amsbsy 1999/11/29 v1.2d Bold Symbols
\pmbraise@=\dimen146
)
(/usr/share/texlive/texmf-dist/tex/latex/amsmath/amsopn.sty
Package: amsopn 2021/08/26 v2.02 operator names
)
\inf@bad=\count268
LaTeX Info: Redefining \frac on input line 234.
\uproot@=\count269
\leftroot@=\count270
LaTeX Info: Redefining \overline on input line 399.
\classnum@=\count271
\DOTSCASE@=\count272
LaTeX Info: Redefining \ldots on input line 496.
LaTeX Info: Redefining \dots on input line 499.
LaTeX Info: Redefining \cdots on input line 620.
\Mathstrutbox@=\box53
\strutbox@=\box54
\big@size=\dimen147
LaTeX Font Info:    Redeclaring font encoding OML on input line 743.
LaTeX Font Info:    Redeclaring font encoding OMS on input line 744.
\macc@depth=\count273
\c@MaxMatrixCols=\count274
\dotsspace@=\muskip16
\c@parentequation=\count275
\dspbrk@lvl=\count276
\tag@help=\toks25
\row@=\count277
\column@=\count278
\maxfields@=\count279
\andhelp@=\toks26
\eqnshift@=\dimen148
\alignsep@=\dimen149
\tagshift@=\dimen150
\tagwidth@=\dimen151
\totwidth@=\dimen152
\lineht@=\dimen153
\@envbody=\toks27
\multlinegap=\skip53
\multlinetaggap=\skip54
\mathdisplay@stack=\toks28
LaTeX Info: Redefining \[ on input line 2938.
LaTeX Info: Redefining \] on input line 2939.
)
(/usr/share/texlive/texmf-dist/tex/latex/psnfss/mathptmx.sty
Package: mathptmx 2020/03/25 PSNFSS-v9.3 Times w/ Math, improved (SPQR, WaS) 
LaTeX Font Info:    Redeclaring symbol font `operators' on input line 28.
LaTeX Font Info:    Overwriting symbol font `operators' in version `normal'
(Font)                  OT1/lmr/m/n --> OT1/ztmcm/m/n on input line 28.
LaTeX Font Info:    Overwriting symbol font `operators' in version `bold'
(Font)                  OT1/lmr/bx/n --> OT1/ztmcm/m/n on input line 28.
LaTeX Font Info:    Redeclaring symbol font `letters' on input line 29.
LaTeX Font Info:    Overwriting symbol font `letters' in version `normal'
(Font)                  OML/lmm/m/it --> OML/ztmcm/m/it on input line 29.
LaTeX Font Info:    Overwriting symbol font `letters' in version `bold'
(Font)                  OML/lmm/b/it --> OML/ztmcm/m/it on input line 29.
LaTeX Font Info:    Redeclaring symbol font `symbols' on input line 30.
LaTeX Font Info:    Overwriting symbol font `symbols' in version `normal'
(Font)                  OMS/lmsy/m/n --> OMS/ztmcm/m/n on input line 30.
LaTeX Font Info:    Overwriting symbol font `symbols' in version `bold'
(Font)                  OMS/lmsy/b/n --> OMS/ztmcm/m/n on input line 30.
LaTeX Font Info:    Redeclaring symbol font `largesymbols' on input line 31.
LaTeX Font Info:    Overwriting symbol font `largesymbols' in version `normal'
(Font)                  OMX/lmex/m/n --> OMX/ztmcm/m/n on input line 31.
LaTeX Font Info:    Overwriting symbol font `largesymbols' in version `bold'
(Font)                  OMX/lmex/m/n --> OMX/ztmcm/m/n on input line 31.
\symbold=\mathgroup4
\symitalic=\mathgroup5
LaTeX Font Info:    Redeclaring math alphabet \mathbf on input line 34.
LaTeX Font Info:    Overwriting math alphabet `\mathbf' in version `normal'
(Font)                  OT1/lmr/bx/n --> OT1/ptm/bx/n on input line 34.
LaTeX Font Info:    Overwriting math alphabet `\mathbf' in version `bold'
(Font)                  OT1/lmr/bx/n --> OT1/ptm/bx/n on input line 34.
LaTeX Font Info:    Redeclaring math alphabet \mathit on input line 35.
LaTeX Font Info:    Overwriting math alphabet `\mathit' in version `normal'
(Font)                  OT1/lmr/m/it --> OT1/ptm/m/it on input line 35.
LaTeX Font Info:    Overwriting math alphabet `\mathit' in version `bold'
(Font)                  OT1/lmr/bx/it --> OT1/ptm/m/it on input line 35.
LaTeX Info: Redefining \hbar on input line 50.
)
LaTeX Font Info:    Trying to load font information for T1+ptm on input line 26
92.

(/usr/share/texlive/texmf-dist/tex/latex/psnfss/t1ptm.fd
File: t1ptm.fd 2001/06/04 font definitions for T1/ptm.
)
\authors@list=\toks29
\keywords@list=\toks30
\showframe@box=\box55

No file imsart-ejs.cnf.
No file imsart-vtex.cnf.
)) (/usr/share/texlive/texmf-dist/tex/latex/natbib/natbib.sty
Package: natbib 2010/09/13 8.31b (PWD, AO)
\bibhang=\skip55
\bibsep=\skip56
LaTeX Info: Redefining \cite on input line 694.
\c@NAT@ctr=\count280
)
(/usr/share/texlive/texmf-dist/tex/latex/amsfonts/amssymb.sty
Package: amssymb 2013/01/14 v3.01 AMS font symbols

(/usr/share/texlive/texmf-dist/tex/latex/amsfonts/amsfonts.sty
Package: amsfonts 2013/01/14 v3.01 Basic AMSFonts support
\symAMSa=\mathgroup6
\symAMSb=\mathgroup7
LaTeX Font Info:    Overwriting math alphabet `\mathfrak' in version `bold'
(Font)                  U/euf/m/n --> U/euf/b/n on input line 106.
))
(/usr/share/texlive/texmf-dist/tex/latex/mathtools/mathtools.sty
Package: mathtools 2021/02/02 v1.28 mathematical typesetting tools

(/usr/share/texlive/texmf-dist/tex/latex/tools/calc.sty
Package: calc 2017/05/25 v4.3 Infix arithmetic (KKT,FJ)
\calc@Acount=\count281
\calc@Bcount=\count282
\calc@Adimen=\dimen154
\calc@Bdimen=\dimen155
\calc@Askip=\skip57
\calc@Bskip=\skip58
LaTeX Info: Redefining \setlength on input line 80.
LaTeX Info: Redefining \addtolength on input line 81.
\calc@Ccount=\count283
\calc@Cskip=\skip59
)
(/usr/share/texlive/texmf-dist/tex/latex/mathtools/mhsetup.sty
Package: mhsetup 2021/03/18 v1.4 programming setup (MH)
)
\g_MT_multlinerow_int=\count284
\l_MT_multwidth_dim=\dimen156
\origjot=\skip60
\l_MT_shortvdotswithinadjustabove_dim=\dimen157
\l_MT_shortvdotswithinadjustbelow_dim=\dimen158
\l_MT_above_intertext_sep=\dimen159
\l_MT_below_intertext_sep=\dimen160
\l_MT_above_shortintertext_sep=\dimen161
\l_MT_below_shortintertext_sep=\dimen162
\xmathstrut@box=\box56
\xmathstrut@dim=\dimen163
)
(/usr/share/texlive/texmf-dist/tex/latex/jknapltx/mathrsfs.sty
Package: mathrsfs 1996/01/01 Math RSFS package v1.0 (jk)
\symrsfs=\mathgroup8
)
(/usr/share/texlive/texmf-dist/tex/latex/graphics/graphicx.sty
Package: graphicx 2021/09/16 v1.2d Enhanced LaTeX Graphics (DPC,SPQR)

(/usr/share/texlive/texmf-dist/tex/latex/graphics/graphics.sty
Package: graphics 2021/03/04 v1.4d Standard LaTeX Graphics (DPC,SPQR)

(/usr/share/texlive/texmf-dist/tex/latex/graphics/trig.sty
Package: trig 2021/08/11 v1.11 sin cos tan (DPC)
)
(/usr/share/texlive/texmf-dist/tex/latex/graphics-cfg/graphics.cfg
File: graphics.cfg 2016/06/04 v1.11 sample graphics configuration
)
Package graphics Info: Driver file: pdftex.def on input line 107.

(/usr/share/texlive/texmf-dist/tex/latex/graphics-def/pdftex.def
File: pdftex.def 2020/10/05 v1.2a Graphics/color driver for pdftex
))
\Gin@req@height=\dimen164
\Gin@req@width=\dimen165
)
(/usr/share/texlive/texmf-dist/tex/latex/booktabs/booktabs.sty
Package: booktabs 2020/01/12 v1.61803398 Publication quality tables
\heavyrulewidth=\dimen166
\lightrulewidth=\dimen167
\cmidrulewidth=\dimen168
\belowrulesep=\dimen169
\belowbottomsep=\dimen170
\aboverulesep=\dimen171
\abovetopsep=\dimen172
\cmidrulesep=\dimen173
\cmidrulekern=\dimen174
\defaultaddspace=\dimen175
\@cmidla=\count285
\@cmidlb=\count286
\@aboverulesep=\dimen176
\@belowrulesep=\dimen177
\@thisruleclass=\count287
\@lastruleclass=\count288
\@thisrulewidth=\dimen178
)
(/usr/share/texlive/texmf-dist/tex/latex/enumitem/enumitem.sty
Package: enumitem 2019/06/20 v3.9 Customized lists
\labelindent=\skip61
\enit@outerparindent=\dimen179
\enit@toks=\toks31
\enit@inbox=\box57
\enit@count@id=\count289
\enitdp@description=\count290
)
(/usr/share/texlive/texmf-dist/tex/latex/hyperref/hyperref.sty
Package: hyperref 2021-06-07 v7.00m Hypertext links for LaTeX

(/usr/share/texlive/texmf-dist/tex/generic/ltxcmds/ltxcmds.sty
Package: ltxcmds 2020-05-10 v1.25 LaTeX kernel commands for general use (HO)
)
(/usr/share/texlive/texmf-dist/tex/generic/pdftexcmds/pdftexcmds.sty
Package: pdftexcmds 2020-06-27 v0.33 Utility functions of pdfTeX for LuaTeX (HO
)

(/usr/share/texlive/texmf-dist/tex/generic/infwarerr/infwarerr.sty
Package: infwarerr 2019/12/03 v1.5 Providing info/warning/error messages (HO)
)
Package pdftexcmds Info: \pdf@primitive is available.
Package pdftexcmds Info: \pdf@ifprimitive is available.
Package pdftexcmds Info: \pdfdraftmode found.
)
(/usr/share/texlive/texmf-dist/tex/generic/kvsetkeys/kvsetkeys.sty
Package: kvsetkeys 2019/12/15 v1.18 Key value parser (HO)
)
(/usr/share/texlive/texmf-dist/tex/generic/kvdefinekeys/kvdefinekeys.sty
Package: kvdefinekeys 2019-12-19 v1.6 Define keys (HO)
)
(/usr/share/texlive/texmf-dist/tex/generic/pdfescape/pdfescape.sty
Package: pdfescape 2019/12/09 v1.15 Implements pdfTeX's escape features (HO)
)
(/usr/share/texlive/texmf-dist/tex/latex/hycolor/hycolor.sty
Package: hycolor 2020-01-27 v1.10 Color options for hyperref/bookmark (HO)
)
(/usr/share/texlive/texmf-dist/tex/latex/letltxmacro/letltxmacro.sty
Package: letltxmacro 2019/12/03 v1.6 Let assignment for LaTeX macros (HO)
)
(/usr/share/texlive/texmf-dist/tex/latex/auxhook/auxhook.sty
Package: auxhook 2019-12-17 v1.6 Hooks for auxiliary files (HO)
)
(/usr/share/texlive/texmf-dist/tex/latex/kvoptions/kvoptions.sty
Package: kvoptions 2020-10-07 v3.14 Key value format for package options (HO)
)
\@linkdim=\dimen180
\Hy@linkcounter=\count291
\Hy@pagecounter=\count292

(/usr/share/texlive/texmf-dist/tex/latex/hyperref/pd1enc.def
File: pd1enc.def 2021-06-07 v7.00m Hyperref: PDFDocEncoding definition (HO)
Now handling font encoding PD1 ...
... no UTF-8 mapping file for font encoding PD1
)
(/usr/share/texlive/texmf-dist/tex/latex/hyperref/hyperref-langpatches.def
File: hyperref-langpatches.def 2021-06-07 v7.00m Hyperref: patches for babel la
nguages
)
(/usr/share/texlive/texmf-dist/tex/generic/intcalc/intcalc.sty
Package: intcalc 2019/12/15 v1.3 Expandable calculations with integers (HO)
)
(/usr/share/texlive/texmf-dist/tex/generic/etexcmds/etexcmds.sty
Package: etexcmds 2019/12/15 v1.7 Avoid name clashes with e-TeX commands (HO)
)
\Hy@SavedSpaceFactor=\count293

(/usr/share/texlive/texmf-dist/tex/latex/hyperref/puenc.def
File: puenc.def 2021-06-07 v7.00m Hyperref: PDF Unicode definition (HO)
Now handling font encoding PU ...
... no UTF-8 mapping file for font encoding PU
)
Package hyperref Info: Option `setpagesize' set `false' on input line 4073.
Package hyperref Info: Option `colorlinks' set `true' on input line 4073.
Package hyperref Info: Option `linktocpage' set `true' on input line 4073.
Package hyperref Info: Option `colorlinks' set `true' on input line 4073.
Package hyperref Info: Hyper figures OFF on input line 4192.
Package hyperref Info: Link nesting OFF on input line 4197.
Package hyperref Info: Hyper index ON on input line 4200.
Package hyperref Info: Plain pages OFF on input line 4207.
Package hyperref Info: Backreferencing OFF on input line 4212.
Package hyperref Info: Implicit mode ON; LaTeX internals redefined.
Package hyperref Info: Bookmarks ON on input line 4445.
\c@Hy@tempcnt=\count294

(/usr/share/texlive/texmf-dist/tex/latex/url/url.sty
\Urlmuskip=\muskip17
Package: url 2013/09/16  ver 3.4  Verb mode for urls, etc.
)
LaTeX Info: Redefining \url on input line 4804.
\XeTeXLinkMargin=\dimen181

(/usr/share/texlive/texmf-dist/tex/generic/bitset/bitset.sty
Package: bitset 2019/12/09 v1.3 Handle bit-vector datatype (HO)

(/usr/share/texlive/texmf-dist/tex/generic/bigintcalc/bigintcalc.sty
Package: bigintcalc 2019/12/15 v1.5 Expandable calculations on big integers (HO
)
))
\Fld@menulength=\count295
\Field@Width=\dimen182
\Fld@charsize=\dimen183
Package hyperref Info: Hyper figures OFF on input line 6076.
Package hyperref Info: Link nesting OFF on input line 6081.
Package hyperref Info: Hyper index ON on input line 6084.
Package hyperref Info: backreferencing OFF on input line 6091.
Package hyperref Info: Link coloring ON on input line 6094.
Package hyperref Info: Link coloring with OCG OFF on input line 6101.
Package hyperref Info: PDF/A mode OFF on input line 6106.
LaTeX Info: Redefining \ref on input line 6146.
LaTeX Info: Redefining \pageref on input line 6150.

(/usr/share/texlive/texmf-dist/tex/latex/base/atbegshi-ltx.sty
Package: atbegshi-ltx 2021/01/10 v1.0c Emulation of the original atbegshi
package with kernel methods
)
\Hy@abspage=\count296
\c@Item=\count297
\c@Hfootnote=\count298
)
Package hyperref Info: Driver (autodetected): hpdftex.

(/usr/share/texlive/texmf-dist/tex/latex/hyperref/hpdftex.def
File: hpdftex.def 2021-06-07 v7.00m Hyperref driver for pdfTeX

(/usr/share/texlive/texmf-dist/tex/latex/base/atveryend-ltx.sty
Package: atveryend-ltx 2020/08/19 v1.0a Emulation of the original atveryend pac
kage
with kernel methods
)
\Fld@listcount=\count299
\c@bookmark@seq@number=\count300

(/usr/share/texlive/texmf-dist/tex/latex/rerunfilecheck/rerunfilecheck.sty
Package: rerunfilecheck 2019/12/05 v1.9 Rerun checks for auxiliary files (HO)

(/usr/share/texlive/texmf-dist/tex/generic/uniquecounter/uniquecounter.sty
Package: uniquecounter 2019/12/15 v1.4 Provide unlimited unique counter (HO)
)
Package uniquecounter Info: New unique counter `rerunfilecheck' on input line 2
86.
)
\Hy@SectionHShift=\skip62
)
(/usr/share/texlive/texmf-dist/tex/latex/cleveref/cleveref.sty
Package: cleveref 2018/03/27 v0.21.4 Intelligent cross-referencing
Package cleveref Info: `hyperref' support loaded on input line 2370.
LaTeX Info: Redefining \cref on input line 2370.
LaTeX Info: Redefining \Cref on input line 2370.
LaTeX Info: Redefining \crefrange on input line 2370.
LaTeX Info: Redefining \Crefrange on input line 2370.
LaTeX Info: Redefining \cpageref on input line 2370.
LaTeX Info: Redefining \Cpageref on input line 2370.
LaTeX Info: Redefining \cpagerefrange on input line 2370.
LaTeX Info: Redefining \Cpagerefrange on input line 2370.
LaTeX Info: Redefining \labelcref on input line 2370.
LaTeX Info: Redefining \labelcpageref on input line 2370.
Package cleveref Info: `amsthm' support loaded on input line 3026.
Package cleveref Info: always capitalise cross-reference names on input line 78
25.
Package cleveref Info: always capitalise cross-reference names on input line 78
52.
Package cleveref Info: no abbreviation of names on input line 7852.
)
\c@theorem=\count301
\c@proposition=\count302
\c@corollary=\count303
\c@conjecture=\count304
\c@definition=\count305

(/usr/share/texlive/texmf-dist/tex/latex/l3backend/l3backend-pdftex.def
File: l3backend-pdftex.def 2022-01-12 L3 backend support: PDF output (pdfTeX)
\l__color_backend_stack_int=\count306
\l__pdf_internal_box=\box58
)
(./paper.aux)
\openout1 = `paper.aux'.

LaTeX Font Info:    Checking defaults for OML/cmm/m/it on input line 58.
LaTeX Font Info:    ... okay on input line 58.
LaTeX Font Info:    Checking defaults for OMS/cmsy/m/n on input line 58.
LaTeX Font Info:    ... okay on input line 58.
LaTeX Font Info:    Checking defaults for OT1/cmr/m/n on input line 58.
LaTeX Font Info:    ... okay on input line 58.
LaTeX Font Info:    Checking defaults for T1/cmr/m/n on input line 58.
LaTeX Font Info:    ... okay on input line 58.
LaTeX Font Info:    Checking defaults for TS1/cmr/m/n on input line 58.
LaTeX Font Info:    ... okay on input line 58.
LaTeX Font Info:    Checking defaults for OMX/cmex/m/n on input line 58.
LaTeX Font Info:    ... okay on input line 58.
LaTeX Font Info:    Checking defaults for U/cmr/m/n on input line 58.
LaTeX Font Info:    ... okay on input line 58.
LaTeX Font Info:    Checking defaults for PD1/pdf/m/n on input line 58.
LaTeX Font Info:    ... okay on input line 58.
LaTeX Font Info:    Checking defaults for PU/pdf/m/n on input line 58.
LaTeX Font Info:    ... okay on input line 58.
 (/usr/share/texlive/texmf-dist/tex/latex/graphics/color.sty
Package: color 2021/12/07 v1.3c Standard LaTeX Color (DPC)

(/usr/share/texlive/texmf-dist/tex/latex/graphics-cfg/color.cfg
File: color.cfg 2016/01/02 v1.6 sample color configuration
)
Package color Info: Driver file: pdftex.def on input line 149.
)
(/usr/share/texlive/texmf-dist/tex/context/base/mkii/supp-pdf.mkii
[Loading MPS to PDF converter (version 2006.09.02).]
\scratchcounter=\count307
\scratchdimen=\dimen184
\scratchbox=\box59
\nofMPsegments=\count308
\nofMParguments=\count309
\everyMPshowfont=\toks32
\MPscratchCnt=\count310
\MPscratchDim=\dimen185
\MPnumerator=\count311
\makeMPintoPDFobject=\count312
\everyMPtoPDFconversion=\toks33
) (/usr/share/texlive/texmf-dist/tex/latex/epstopdf-pkg/epstopdf-base.sty
Package: epstopdf-base 2020-01-24 v2.11 Base part for package epstopdf
Package epstopdf-base Info: Redefining graphics rule for `.eps' on input line 4
85.

(/usr/share/texlive/texmf-dist/tex/latex/latexconfig/epstopdf-sys.cfg
File: epstopdf-sys.cfg 2010/07/13 v1.3 Configuration of (r)epstopdf for TeX Liv
e
))
Package hyperref Info: Link coloring ON on input line 58.

(/usr/share/texlive/texmf-dist/tex/latex/hyperref/nameref.sty
Package: nameref 2021-04-02 v2.47 Cross-referencing by name of section

(/usr/share/texlive/texmf-dist/tex/latex/refcount/refcount.sty
Package: refcount 2019/12/15 v3.6 Data extraction from label references (HO)
)
(/usr/share/texlive/texmf-dist/tex/generic/gettitlestring/gettitlestring.sty
Package: gettitlestring 2019/12/15 v1.6 Cleanup title references (HO)
)
\c@section@level=\count313
)
LaTeX Info: Redefining \ref on input line 58.
LaTeX Info: Redefining \pageref on input line 58.
LaTeX Info: Redefining \nameref on input line 58.

(./paper.out) (./paper.out)
\@outlinefile=\write3
\openout3 = `paper.out'.

LaTeX Font Info:    Calculating math sizes for size <11> on input line 69.
LaTeX Font Info:    Trying to load font information for OT1+ztmcm on input line
 69.

(/usr/share/texlive/texmf-dist/tex/latex/psnfss/ot1ztmcm.fd
File: ot1ztmcm.fd 2000/01/03 Fontinst v1.801 font definitions for OT1/ztmcm.
)
LaTeX Font Info:    Trying to load font information for OML+ztmcm on input line
 69.

(/usr/share/texlive/texmf-dist/tex/latex/psnfss/omlztmcm.fd
File: omlztmcm.fd 2000/01/03 Fontinst v1.801 font definitions for OML/ztmcm.
)
LaTeX Font Info:    Trying to load font information for OMS+ztmcm on input line
 69.

(/usr/share/texlive/texmf-dist/tex/latex/psnfss/omsztmcm.fd
File: omsztmcm.fd 2000/01/03 Fontinst v1.801 font definitions for OMS/ztmcm.
)
LaTeX Font Info:    Trying to load font information for OMX+ztmcm on input line
 69.

(/usr/share/texlive/texmf-dist/tex/latex/psnfss/omxztmcm.fd
File: omxztmcm.fd 2000/01/03 Fontinst v1.801 font definitions for OMX/ztmcm.
)
LaTeX Font Info:    Trying to load font information for OT1+ptm on input line 6
9.

(/usr/share/texlive/texmf-dist/tex/latex/psnfss/ot1ptm.fd
File: ot1ptm.fd 2001/06/04 font definitions for OT1/ptm.
)
LaTeX Font Info:    Font shape `OT1/ptm/bx/n' in size <11> not available
(Font)              Font shape `OT1/ptm/b/n' tried instead on input line 69.
LaTeX Font Info:    Font shape `OT1/ptm/bx/n' in size <8.14006> not available
(Font)              Font shape `OT1/ptm/b/n' tried instead on input line 69.
LaTeX Font Info:    Font shape `OT1/ptm/bx/n' in size <6.60007> not available
(Font)              Font shape `OT1/ptm/b/n' tried instead on input line 69.
LaTeX Font Info:    Trying to load font information for U+rsfs on input line 69
.

(/usr/share/texlive/texmf-dist/tex/latex/jknapltx/ursfs.fd
File: ursfs.fd 1998/03/24 rsfs font definition file (jk)
)
LaTeX Font Info:    Font shape `OT1/ptm/bx/n' in size <9> not available
(Font)              Font shape `OT1/ptm/b/n' tried instead on input line 77.
LaTeX Font Info:    Font shape `OT1/ptm/bx/n' in size <7.6> not available
(Font)              Font shape `OT1/ptm/b/n' tried instead on input line 77.
LaTeX Font Info:    Font shape `OT1/ptm/bx/n' in size <6> not available
(Font)              Font shape `OT1/ptm/b/n' tried instead on input line 77.
 [1{/var/lib/texmf/fonts/map/pdftex/updmap/pdftex.map}

] [2] [3] [4] [5]
Overfull \hbox (9.06905pt too wide) in paragraph at lines 267--270
[]\T1/ptm/m/n/11 ($\OMS/ztmcm/m/n/11 )$\T1/ptm/m/n/11 ) Sup-pose $[] \OT1/ztmcm
/m/n/11 = \OML/ztmcm/m/it/11 f\OT1/ztmcm/m/n/11 (\OML/ztmcm/m/it/11 X\OT1/ztmcm
/m/n/11 )\OML/ztmcm/m/it/11 X[] \OT1/ztmcm/m/n/11 + \OML/ztmcm/m/it/11 Xf\OT1/z
tmcm/m/n/11 (\OML/ztmcm/m/it/11 X\OT1/ztmcm/m/n/11 )[] = 0$\T1/ptm/m/n/11 . Let
 $\OML/ztmcm/m/it/11 G \OT1/ztmcm/m/n/11 = \OML/ztmcm/m/it/11 X[]X$\T1/ptm/m/n/
11 , which is in-vert-ible since $[]\OT1/ztmcm/m/n/11 (\OML/ztmcm/m/it/11 X\OT1
/ztmcm/m/n/11 ) =
 []

[6] [7] [8]
LaTeX Font Info:    Trying to load font information for OMS+ptm on input line 4
20.
 (/usr/share/texlive/texmf-dist/tex/latex/psnfss/omsptm.fd
File: omsptm.fd 
)
LaTeX Font Info:    Font shape `OMS/ptm/m/n' in size <11> not available
(Font)              Font shape `OMS/cmsy/m/n' tried instead on input line 420.
 [9]
[10] [11] [12] [13] [14] [15]
Overfull \hbox (1.14975pt too wide) in paragraph at lines 725--726
[]\T1/ptm/b/n/11 Local, not global: \T1/ptm/m/n/11 Each align-ment min-i-mizes 
er-ror be-tween ad-ja-cent frames but doesn't
 []


Overfull \hbox (3.36223pt too wide) in paragraph at lines 729--730
\T1/ptm/m/n/11 dif-fi-culty of align-ment. The holon-omy ob-struc-tion (Sec-tio
n [][]3.3[][]) is \T1/ptm/m/it/11 ge-o-met-ric/topological
 []

[16] [17]
Overfull \hbox (13.1651pt too wide) in paragraph at lines 810--816
\T1/ptm/m/n/11 but-dynamically-inconsistent tra-jec-to-ries from gen-uine ODE s
o-lu-tions. First, a \T1/ptm/m/it/11 state-dependence
 []

LaTeX Font Info:    Font shape `OT1/ptm/bx/n' in size <10> not available
(Font)              Font shape `OT1/ptm/b/n' tried instead on input line 822.

LaTeX Font Warning: Font shape `T1/ptm/m/scit' undefined
(Font)              using `T1/ptm/m/sc' instead on input line 833.


Overfull \hbox (5.01305pt too wide) in paragraph at lines 836--838
[]\T1/ptm/m/n/11 The SDE for-mu-la-tion $\OML/ztmcm/m/it/11 dX \OT1/ztmcm/m/n/1
1 = \OML/ztmcm/m/it/11 f\OT1/ztmcm/m/n/11 (\OML/ztmcm/m/it/11 X\OT1/ztmcm/m/n/1
1 ) \OML/ztmcm/m/it/11 dt \OT1/ztmcm/m/n/11 + \OML/ztmcm/m/it/11 ^^[ dW$ \T1/pt
m/m/n/11 pro-vides a prin-ci-pled bridge: Freidlin--Wentzell
 []

[18]
Overfull \hbox (19.03621pt too wide) in paragraph at lines 840--843
[]\T1/ptm/m/it/11 Remark. []\T1/ptm/b/n/11 Lim-i-ta-tion (tra-jec-tory re-cov-e
ry). \T1/ptm/m/n/11 Align-ing spec-tral em-bed-dings to re-cover continuous-
 []

[19]
Overfull \hbox (1.33609pt too wide) in paragraph at lines 883--887
[]\T1/ptm/b/n/11 Message-passing dy-nam-ics. \T1/ptm/m/n/11 More gen-er-ally, $
[] \OT1/ztmcm/m/n/11 = [][] \OML/ztmcm/m/it/11 P[]g\OT1/ztmcm/m/n/11 (\OML/ztmc
m/m/it/11 x[]; x[]\OT1/ztmcm/m/n/11 )$ \T1/ptm/m/n/11 for some in-ter-ac-tion f
unc-
 []


LaTeX Font Warning: Font shape `T1/ptm/m/scit' undefined
(Font)              using `T1/ptm/m/sc' instead on input line 910.

[20] [21] [22]
Overfull \hbox (0.22173pt too wide) in paragraph at lines 1025--1029
[]\T1/ptm/b/n/11 Curvature from non-commuting gen-er-a-tors. \T1/ptm/m/n/11 Con
-sider hor-i-zon-tal dy-nam-ics $[] \OT1/ztmcm/m/n/11 = \OML/ztmcm/m/it/11 M\OT
1/ztmcm/m/n/11 (\OML/ztmcm/m/it/11 X\OT1/ztmcm/m/n/11 )\OML/ztmcm/m/it/11 X$
 []

[23]
Overfull \hbox (38.70982pt too wide) in paragraph at lines 1055--1057
\T1/ptm/m/n/11 of the 2-plane spanned by the pro-jec-tions of $[][]\OML/ztmcm/m
/it/11 ; [][]$ \T1/ptm/m/n/11 in $\OMS/ztmcm/m/n/11 B$ \T1/ptm/m/n/11 is: $\OML
/ztmcm/m/it/11 K\OT1/ztmcm/m/n/11 (\OML/ztmcm/m/it/11 ^^X[]; ^^X[]\OT1/ztmcm/m/
n/11 ) = []\OMS/ztmcm/m/n/11 k\OT1/ztmcm/m/n/11 [[][]\OML/ztmcm/m/it/11 ; [][]\
OT1/ztmcm/m/n/11 ][]\OMS/ztmcm/m/n/11 k[]\OML/ztmcm/m/it/11 =\OT1/ztmcm/m/n/11 
(\OMS/ztmcm/m/n/11 k[][]k[]k[][]k[] ^^@
 []


Overfull \hbox (11.12727pt too wide) in paragraph at lines 1061--1064
\T1/ptm/m/it/11 the tra-jec-tory. A suf-fi-cient con-di-tion is that the full g
en-er-a-tors com-mute: $\OT1/ztmcm/m/n/11 [\OML/ztmcm/m/it/11 M\OT1/ztmcm/m/n/1
1 (\OML/ztmcm/m/it/11 X\OT1/ztmcm/m/n/11 (\OML/ztmcm/m/it/11 t[]\OT1/ztmcm/m/n/
11 ))\OML/ztmcm/m/it/11 ; M\OT1/ztmcm/m/n/11 (\OML/ztmcm/m/it/11 X\OT1/ztmcm/m/
n/11 (\OML/ztmcm/m/it/11 t[]\OT1/ztmcm/m/n/11 ))] =
 []

[24] [25]
Overfull \hbox (1.36087pt too wide) in paragraph at lines 1159--1160
[]\T1/ptm/m/it/11 Consequence: \T1/ptm/m/n/11 the eigen-vec-tors of $\OML/ztmcm
/m/it/11 P$ \T1/ptm/m/n/11 ro-tate un-der Lapla-cian dy-nam-ics, the tra-jec-to
ry sweeps
 []

[26]
Overfull \hbox (15.37938pt too wide) in paragraph at lines 1200--1203
[]\T1/ptm/m/n/11 The Lie al-ge-bra $[]\OT1/ztmcm/m/n/11 (2)$ \T1/ptm/m/n/11 is 
one-dimensional, spanned by the sin-gle gen-er-a-tor $\OML/ztmcm/m/it/11 J \OT1
/ztmcm/m/n/11 = []$\T1/ptm/m/n/11 .
 []

[27] [28] [29] [30] [31] [32]
Overfull \hbox (12.85814pt too wide) in paragraph at lines 1406--1408
[]\T1/ptm/m/n/11 The cu-bic de-pen-dence on $\OML/ztmcm/m/it/11 T$ \T1/ptm/m/n/
11 (rather than lin-ear) re-flects the fact that the sen-si-tiv-ity $\OML/ztmcm
/m/it/11 @P[]=@[] \OT1/ztmcm/m/n/11 =
 []


Overfull \hbox (19.66522pt too wide) in paragraph at lines 1415--1418
[]\T1/ptm/b/n/11 The du-al-ity. \T1/ptm/m/n/11 The statistical-geometric cor-re
-spon-dence is sharpest for gen-eral (non-polynomial)
 []


Overfull \hbox (6.70813pt too wide) in paragraph at lines 1415--1418
\T1/ptm/m/n/11 norm in the sec-tional cur-va-ture in-volves the same fac-tors, 
with $\OMS/ztmcm/m/n/11 k\OT1/ztmcm/m/n/11 [[][]\OML/ztmcm/m/it/11 ; [][]\OT1/z
tmcm/m/n/11 ][]\OMS/ztmcm/m/n/11 k[] ^^X [][] \OML/ztmcm/m/it/11 ^^U[]^^U[]=\OT
1/ztmcm/m/n/11 (\OML/ztmcm/m/it/11 ^^U[] \OT1/ztmcm/m/n/11 +
 []

[33]
Overfull \hbox (7.21033pt too wide) in paragraph at lines 1431--1437
[]\T1/ptm/m/it/11 Remark. []\T1/ptm/b/n/11 Re-la-tion-ship to ASE es-ti-ma-tion
 the-ory. \T1/ptm/m/n/11 Propo-si-tion [][]10[][] is de-rived from the Bernoull
i
 []

[34] [35]
Overfull \hbox (4.04558pt too wide) in paragraph at lines 1554--1556
\T1/ptm/m/n/11 Suppose, op-ti-misti-cally, that the tra-jec-tory re-cov-ery pro
b-lem were solved, that is, some method
 []

[36] [37] [38]
Overfull \hbox (6.1697pt too wide) in paragraph at lines 1664--1667
[]\T1/ptm/m/n/11 The an-chor ap-proach does not solve the gen-eral gauge prob-l
em. It re-places a hard geometric-
 []

[39]
<plots/anchor-main-results.png, id=743, 677.53125pt x 564.60938pt>
File: plots/anchor-main-results.png Graphic file (type png)
<use plots/anchor-main-results.png>
Package pdftex.def Info: plots/anchor-main-results.png  used on input line 1695
.
(pdftex.def)             Requested size: 385.69876pt x 321.42577pt.


LaTeX Font Warning: Font shape `T1/ptm/m/scit' undefined
(Font)              using `T1/ptm/m/sc' instead on input line 1703.


LaTeX Font Warning: Font shape `T1/ptm/m/scit' undefined
(Font)              using `T1/ptm/m/sc' instead on input line 1703.

<plots/anchor-spectral-portrait.png, id=745, 677.53125pt x 286.06876pt>
File: plots/anchor-spectral-portrait.png Graphic file (type png)
<use plots/anchor-spectral-portrait.png>
Package pdftex.def Info: plots/anchor-spectral-portrait.png  used on input line
 1708.
(pdftex.def)             Requested size: 385.69876pt x 162.85573pt.

LaTeX Font Warning: Font shape `T1/ptm/m/scit' undefined
(Font)              using `T1/ptm/m/sc' instead on input line 1712.


LaTeX Font Warning: Font shape `T1/ptm/m/scit' undefined
(Font)              using `T1/ptm/m/sc' instead on input line 1712.

[40] [41 <./plots/anchor-main-results.png>] [42 <./plots/anchor-spectral-portra
it.png>]
<plots/ude-pipeline-results.png, id=766, 752.8125pt x 639.89063pt>
File: plots/ude-pipeline-results.png Graphic file (type png)
<use plots/ude-pipeline-results.png>
Package pdftex.def Info: plots/ude-pipeline-results.png  used on input line 177
7.
(pdftex.def)             Requested size: 385.69876pt x 327.8533pt.


LaTeX Font Warning: Font shape `T1/ptm/m/scit' undefined
(Font)              using `T1/ptm/m/sc' instead on input line 1785.


LaTeX Font Warning: Font shape `T1/ptm/m/scit' undefined
(Font)              using `T1/ptm/m/sc' instead on input line 1785.

[43] [44 <./plots/ude-pipeline-results.png>] [45]
Overfull \hbox (6.06503pt too wide) in paragraph at lines 1843--1844
\T1/ptm/m/n/11 value ODEs), a match-ing up-per bound via likelihood-based es-ti
-ma-tors on the $\OML/ztmcm/m/it/11 P$\T1/ptm/m/n/11 -trajectory
 []

[46]
LaTeX Font Info:    Trying to load font information for T1+pcr on input line 18
55.
 (/usr/share/texlive/texmf-dist/tex/latex/psnfss/t1pcr.fd
File: t1pcr.fd 2001/06/04 font definitions for T1/pcr.
) (./paper.bbl
Underfull \hbox (badness 1596) in paragraph at lines 9--18
[]\T1/ptm/m/sc/11 Absil, P.-A.\T1/ptm/m/n/11 , \T1/ptm/m/sc/11 Ma-hony, R. \T1/
ptm/m/n/11 and \T1/ptm/m/sc/11 Sepul-chre, R. \T1/ptm/m/n/11 (2008). \T1/ptm/m/
it/11 Op-ti-miza-tion Al-go-rithms
 []

[47]
Underfull \hbox (badness 1152) in paragraph at lines 326--348
\T1/ptm/m/sc/11 Fortin, M.-J.\T1/ptm/m/n/11 , \T1/ptm/m/sc/11 Hem-ming, V.\T1/p
tm/m/n/11 , \T1/ptm/m/sc/11 Mercier, B.\T1/ptm/m/n/11 , \T1/ptm/m/sc/11 Pol-loc
k, L. J.\T1/ptm/m/n/11 , \T1/ptm/m/sc/11 Runghen, R.\T1/ptm/m/n/11 ,
 []

[48]) [49]
Overfull \hbox (0.95886pt too wide) in paragraph at lines 1938--1941
\T1/ptm/m/n/11 (using $[]\OT1/ztmcm/m/n/11 (\OML/ztmcm/m/it/11 A[]BA\OT1/ztmcm/
m/n/11 ) = [][] \OML/ztmcm/m/it/11 b[] [][] A[]$ \T1/ptm/m/n/11 when $\OML/ztmc
m/m/it/11 B \OT1/ztmcm/m/n/11 = [](\OML/ztmcm/m/it/11 b[]; [] ; b[]\OT1/ztmcm/m
/n/11 )$\T1/ptm/m/n/11 ; di-ag-o-nal terms van-ish since $\OT1/ztmcm/m/n/11 
[] =
 []


Overfull \hbox (10.82169pt too wide) in paragraph at lines 1950--1952
\T1/ptm/m/n/11 canon-i-cal gauge (where $\OML/ztmcm/m/it/11 U$ \T1/ptm/m/n/11 h
as or-thonor-mal columns span-ning $[]\OT1/ztmcm/m/n/11 (\OML/ztmcm/m/it/11 X\O
T1/ztmcm/m/n/11 )$ \T1/ptm/m/n/11 and $\OT1/ztmcm/m/n/11 ^^C = [](\OML/ztmcm/m/
it/11 ^^U[]; [] ; ^^U[]\OT1/ztmcm/m/n/11 )$\T1/ptm/m/n/11 ): 
 []

[50] [51] (./paper.aux)
Package rerunfilecheck Info: File `paper.out' has not changed.
(rerunfilecheck)             Checksum: ACDF64BE161F519E8AB05B055F017DF6;11118.
 ) 
Here is how much of TeX's memory you used:
 14980 strings out of 480247
 244630 string characters out of 5896151
 547805 words of memory out of 5000000
 32364 multiletter control sequences out of 15000+600000
 566327 words of font info for 176 fonts, out of 8000000 for 9000
 14 hyphenation exceptions out of 8191
 84i,11n,90p,1197b,515s stack positions out of 5000i,500n,10000p,200000b,80000s
{/usr/share/texlive/texmf-dist/fonts/enc/dvips/base/8r.enc}</usr/share/texliv
e/texmf-dist/fonts/type1/public/amsfonts/cm/cmex10.pfb></usr/share/texlive/texm
f-dist/fonts/type1/public/amsfonts/cm/cmmi10.pfb></usr/share/texlive/texmf-dist
/fonts/type1/public/amsfonts/cm/cmr10.pfb></usr/share/texlive/texmf-dist/fonts/
type1/public/amsfonts/cm/cmsy10.pfb></usr/share/texlive/texmf-dist/fonts/type1/
public/amsfonts/euler/eufm10.pfb></usr/share/texlive/texmf-dist/fonts/type1/pub
lic/amsfonts/symbols/msam10.pfb></usr/share/texlive/texmf-dist/fonts/type1/publ
ic/amsfonts/symbols/msbm10.pfb></usr/share/texlive/texmf-dist/fonts/type1/publi
c/rsfs/rsfs10.pfb></usr/share/texlive/texmf-dist/fonts/type1/urw/courier/ucrr8a
.pfb></usr/share/texlive/texmf-dist/fonts/type1/urw/symbol/usyr.pfb></usr/share
/texlive/texmf-dist/fonts/type1/urw/symbol/usyr.pfb></usr/share/texlive/texmf-d
ist/fonts/type1/urw/times/utmb8a.pfb></usr/share/texlive/texmf-dist/fonts/type1
/urw/times/utmbi8a.pfb></usr/share/texlive/texmf-dist/fonts/type1/urw/times/utm
r8a.pfb></usr/share/texlive/texmf-dist/fonts/type1/urw/times/utmri8a.pfb>
Output written on paper.pdf (51 pages, 1748377 bytes).
PDF statistics:
 995 PDF objects out of 1000 (max. 8388607)
 897 compressed objects within 9 object streams
 281 named destinations out of 1000 (max. 500000)
 400 words of extra memory for PDF output out of 10000 (max. 10000000)

