This is pdfTeX, Version 3.141592653-2.6-1.40.24 (TeX Live 2022/Arch Linux) (preloaded format=pdflatex 2022.11.23)  16 MAR 2023 09:05
entering extended mode
 restricted \write18 enabled.
 file:line:error style messages enabled.
 %&-line parsing enabled.
**"/home/stirling/Documents/thesis/Conference Submission/DraftDoc.tex"
(/home/stirling/Documents/thesis/Conference Submission/DraftDoc.tex
LaTeX2e <2021-11-15> patch level 1
L3 programming layer <2022-04-10> (/usr/share/texmf-dist/tex/latex/base/article.cls
Document Class: article 2021/10/04 v1.4n Standard LaTeX document class
(/usr/share/texmf-dist/tex/latex/base/size10.clo
File: size10.clo 2021/10/04 v1.4n Standard LaTeX file (size option)
)
\c@part=\count185
\c@section=\count186
\c@subsection=\count187
\c@subsubsection=\count188
\c@paragraph=\count189
\c@subparagraph=\count190
\c@figure=\count191
\c@table=\count192
\abovecaptionskip=\skip47
\belowcaptionskip=\skip48
\bibindent=\dimen138
) (/usr/share/texmf-dist/tex/latex/base/inputenc.sty
Package: inputenc 2021/02/14 v1.3d Input encoding file
\inpenc@prehook=\toks16
\inpenc@posthook=\toks17
) (/usr/share/texmf-dist/tex/latex/biblatex/biblatex.sty
Package: biblatex 2022/02/02 v3.17 programmable bibliographies (PK/MW)
 (/usr/share/texmf-dist/tex/generic/pdftexcmds/pdftexcmds.sty
Package: pdftexcmds 2020-06-27 v0.33 Utility functions of pdfTeX for LuaTeX (HO)
 (/usr/share/texmf-dist/tex/generic/infwarerr/infwarerr.sty
Package: infwarerr 2019/12/03 v1.5 Providing info/warning/error messages (HO)
) (/usr/share/texmf-dist/tex/generic/iftex/iftex.sty
Package: iftex 2022/02/03 v1.0f TeX engine tests
) (/usr/share/texmf-dist/tex/generic/ltxcmds/ltxcmds.sty
Package: ltxcmds 2020-05-10 v1.25 LaTeX kernel commands for general use (HO)
)
Package pdftexcmds Info: \pdf@primitive is available.
Package pdftexcmds Info: \pdf@ifprimitive is available.
Package pdftexcmds Info: \pdfdraftmode found.
) (/usr/share/texmf-dist/tex/latex/etoolbox/etoolbox.sty
Package: etoolbox 2020/10/05 v2.5k e-TeX tools for LaTeX (JAW)
\etb@tempcnta=\count193
) (/usr/share/texmf-dist/tex/latex/graphics/keyval.sty
Package: keyval 2014/10/28 v1.15 key=value parser (DPC)
\KV@toks@=\toks18
) (/usr/share/texmf-dist/tex/latex/kvoptions/kvoptions.sty
Package: kvoptions 2020-10-07 v3.14 Key value format for package options (HO)
 (/usr/share/texmf-dist/tex/generic/kvsetkeys/kvsetkeys.sty
Package: kvsetkeys 2019/12/15 v1.18 Key value parser (HO)
)) (/usr/share/texmf-dist/tex/latex/logreq/logreq.sty
Package: logreq 2010/08/04 v1.0 xml request logger
\lrq@indent=\count194
 (/usr/share/texmf-dist/tex/latex/logreq/logreq.def
File: logreq.def 2010/08/04 v1.0 logreq spec v1.0
)) (/usr/share/texmf-dist/tex/latex/base/ifthen.sty
Package: ifthen 2020/11/24 v1.1c Standard LaTeX ifthen package (DPC)
) (/usr/share/texmf-dist/tex/latex/url/url.sty
\Urlmuskip=\muskip16
Package: url 2013/09/16  ver 3.4  Verb mode for urls, etc.
)
\c@tabx@nest=\count195
\c@listtotal=\count196
\c@listcount=\count197
\c@liststart=\count198
\c@liststop=\count199
\c@citecount=\count266
\c@citetotal=\count267
\c@multicitecount=\count268
\c@multicitetotal=\count269
\c@instcount=\count270
\c@maxnames=\count271
\c@minnames=\count272
\c@maxitems=\count273
\c@minitems=\count274
\c@citecounter=\count275
\c@maxcitecounter=\count276
\c@savedcitecounter=\count277
\c@uniquelist=\count278
\c@uniquename=\count279
\c@refsection=\count280
\c@refsegment=\count281
\c@maxextratitle=\count282
\c@maxextratitleyear=\count283
\c@maxextraname=\count284
\c@maxextradate=\count285
\c@maxextraalpha=\count286
\c@abbrvpenalty=\count287
\c@highnamepenalty=\count288
\c@lownamepenalty=\count289
\c@maxparens=\count290
\c@parenlevel=\count291
\blx@tempcnta=\count292
\blx@tempcntb=\count293
\blx@tempcntc=\count294
\c@blx@maxsection=\count295
\c@blx@maxsegment@0=\count296
\blx@notetype=\count297
\blx@parenlevel@text=\count298
\blx@parenlevel@foot=\count299
\c@blx@sectionciteorder@0=\count300
\blx@entrysetcounter=\count301
\blx@biblioinstance=\count302
\labelnumberwidth=\skip49
\labelalphawidth=\skip50
\biblabelsep=\skip51
\bibitemsep=\skip52
\bibnamesep=\skip53
\bibinitsep=\skip54
\bibparsep=\skip55
\bibhang=\skip56
\blx@bcfin=\read2
\blx@bcfout=\write3
\blx@langwohyphens=\language87
\c@mincomprange=\count303
\c@maxcomprange=\count304
\c@mincompwidth=\count305
Package biblatex Info: Trying to load biblatex default data model...
Package biblatex Info: ... file 'blx-dm.def' found.
 (/usr/share/texmf-dist/tex/latex/biblatex/blx-dm.def
File: blx-dm.def 2022/02/02 v3.17 biblatex localization (PK/MW)
)
Package biblatex Info: Trying to load biblatex style data model...
Package biblatex Info: ... file 'nature.dbx' not found.
Package biblatex Info: Trying to load biblatex custom data model...
Package biblatex Info: ... file 'biblatex-dm.cfg' not found.
\c@afterword=\count306
\c@savedafterword=\count307
\c@annotator=\count308
\c@savedannotator=\count309
\c@author=\count310
\c@savedauthor=\count311
\c@bookauthor=\count312
\c@savedbookauthor=\count313
\c@commentator=\count314
\c@savedcommentator=\count315
\c@editor=\count316
\c@savededitor=\count317
\c@editora=\count318
\c@savededitora=\count319
\c@editorb=\count320
\c@savededitorb=\count321
\c@editorc=\count322
\c@savededitorc=\count323
\c@foreword=\count324
\c@savedforeword=\count325
\c@holder=\count326
\c@savedholder=\count327
\c@introduction=\count328
\c@savedintroduction=\count329
\c@namea=\count330
\c@savednamea=\count331
\c@nameb=\count332
\c@savednameb=\count333
\c@namec=\count334
\c@savednamec=\count335
\c@translator=\count336
\c@savedtranslator=\count337
\c@shortauthor=\count338
\c@savedshortauthor=\count339
\c@shorteditor=\count340
\c@savedshorteditor=\count341
\c@labelname=\count342
\c@savedlabelname=\count343
\c@institution=\count344
\c@savedinstitution=\count345
\c@lista=\count346
\c@savedlista=\count347
\c@listb=\count348
\c@savedlistb=\count349
\c@listc=\count350
\c@savedlistc=\count351
\c@listd=\count352
\c@savedlistd=\count353
\c@liste=\count354
\c@savedliste=\count355
\c@listf=\count356
\c@savedlistf=\count357
\c@location=\count358
\c@savedlocation=\count359
\c@organization=\count360
\c@savedorganization=\count361
\c@origlocation=\count362
\c@savedoriglocation=\count363
\c@origpublisher=\count364
\c@savedorigpublisher=\count365
\c@publisher=\count366
\c@savedpublisher=\count367
\c@language=\count368
\c@savedlanguage=\count369
\c@origlanguage=\count370
\c@savedoriglanguage=\count371
\c@pageref=\count372
\c@savedpageref=\count373
\shorthandwidth=\skip57
\shortjournalwidth=\skip58
\shortserieswidth=\skip59
\shorttitlewidth=\skip60
\shortauthorwidth=\skip61
\shorteditorwidth=\skip62
\locallabelnumberwidth=\skip63
\locallabelalphawidth=\skip64
\localshorthandwidth=\skip65
\localshortjournalwidth=\skip66
\localshortserieswidth=\skip67
\localshorttitlewidth=\skip68
\localshortauthorwidth=\skip69
\localshorteditorwidth=\skip70
Package biblatex Info: Trying to load compatibility code...
Package biblatex Info: ... file 'blx-compat.def' found.
 (/usr/share/texmf-dist/tex/latex/biblatex/blx-compat.def
File: blx-compat.def 2022/02/02 v3.17 biblatex compatibility (PK/MW)
)
Package biblatex Info: Trying to load generic definitions...
Package biblatex Info: ... file 'biblatex.def' found.
 (/usr/share/texmf-dist/tex/latex/biblatex/biblatex.def
File: biblatex.def 2022/02/02 v3.17 biblatex compatibility (PK/MW)
\c@textcitecount=\count374
\c@textcitetotal=\count375
\c@textcitemaxnames=\count376
\c@biburlbigbreakpenalty=\count377
\c@biburlbreakpenalty=\count378
\c@biburlnumpenalty=\count379
\c@biburlucpenalty=\count380
\c@biburllcpenalty=\count381
\biburlbigskip=\muskip17
\biburlnumskip=\muskip18
\biburlucskip=\muskip19
\biburllcskip=\muskip20
\c@smartand=\count382
)
Package biblatex Info: Trying to load bibliography style 'nature'...
Package biblatex Info: ... file 'nature.bbx' found.
 (/usr/share/texmf-dist/tex/latex/biblatex-nature/nature.bbx
File: nature.bbx 2020/12/30 v1.3d biblatex bibliography style
Package biblatex Info: Trying to load bibliography style 'numeric-comp'...
Package biblatex Info: ... file 'numeric-comp.bbx' found.
 (/usr/share/texmf-dist/tex/latex/biblatex/bbx/numeric-comp.bbx
File: numeric-comp.bbx 2022/02/02 v3.17 biblatex bibliography style (PK/MW)
Package biblatex Info: Trying to load bibliography style 'numeric'...
Package biblatex Info: ... file 'numeric.bbx' found.
 (/usr/share/texmf-dist/tex/latex/biblatex/bbx/numeric.bbx
File: numeric.bbx 2022/02/02 v3.17 biblatex bibliography style (PK/MW)
Package biblatex Info: Trying to load bibliography style 'standard'...
Package biblatex Info: ... file 'standard.bbx' found.
 (/usr/share/texmf-dist/tex/latex/biblatex/bbx/standard.bbx
File: standard.bbx 2022/02/02 v3.17 biblatex bibliography style (PK/MW)
\c@bbx:relatedcount=\count383
\c@bbx:relatedtotal=\count384
))))
Package biblatex Info: Trying to load citation style 'nature'...
Package biblatex Info: ... file 'nature.cbx' found.
 (/usr/share/texmf-dist/tex/latex/biblatex-nature/nature.cbx
File: nature.cbx 2020/12/30 v1.3d biblatex citation style
Package biblatex Info: Trying to load citation style 'numeric-comp'...
Package biblatex Info: ... file 'numeric-comp.cbx' found.
 (/usr/share/texmf-dist/tex/latex/biblatex/cbx/numeric-comp.cbx
File: numeric-comp.cbx 2022/02/02 v3.17 biblatex citation style (PK/MW)
\c@cbx@tempcnta=\count385
\c@cbx@tempcntb=\count386
\c@cbx@tempcntc=\count387
\c@cbx@tempcntd=\count388
Package biblatex Info: Redefining '\cite'.
Package biblatex Info: Redefining '\parencite'.
Package biblatex Info: Redefining '\footcite'.
Package biblatex Info: Redefining '\footcitetext'.
Package biblatex Info: Redefining '\smartcite'.
Package biblatex Info: Redefining '\supercite'.
Package biblatex Info: Redefining '\textcite'.
Package biblatex Info: Redefining '\textcites'.
Package biblatex Info: Redefining '\cites'.
Package biblatex Info: Redefining '\parencites'.
Package biblatex Info: Redefining '\smartcites'.
))
Package biblatex Info: Trying to load configuration file...
Package biblatex Info: ... file 'biblatex.cfg' found.
 (/usr/share/texmf-dist/tex/latex/biblatex/biblatex.cfg
File: biblatex.cfg 
)
Package biblatex Info: Input encoding 'utf8' detected.
Package biblatex Info: Document encoding is UTF8 ....
 (/usr/share/texmf-dist/tex/latex/l3kernel/expl3.sty
Package: expl3 2022-04-10 L3 programming layer (loader) 
 (/usr/share/texmf-dist/tex/latex/l3backend/l3backend-pdftex.def
File: l3backend-pdftex.def 2022-04-14 L3 backend support: PDF output (pdfTeX)
\l__color_backend_stack_int=\count389
\l__pdf_internal_box=\box50
))
Package biblatex Info: ... and expl3
(biblatex)             2022-04-10 L3 programming layer (loader) 
(biblatex)             is new enough (at least 2020/04/06),
(biblatex)             setting 'casechanger=expl3'.
 (/usr/share/texmf-dist/tex/latex/biblatex/blx-case-expl3.sty (/usr/share/texmf-dist/tex/latex/l3packages/xparse/xparse.sty
Package: xparse 2022-01-12 L3 Experimental document command parser
)
Package: blx-case-expl3 2022/02/02 v3.17 expl3 case changing code for biblatex
)) (/usr/share/texmf-dist/tex/latex/amsmath/amsmath.sty
Package: amsmath 2021/10/15 v2.17l AMS math features
\@mathmargin=\skip71

For additional information on amsmath, use the `?' option.
(/usr/share/texmf-dist/tex/latex/amsmath/amstext.sty
Package: amstext 2021/08/26 v2.01 AMS text
 (/usr/share/texmf-dist/tex/latex/amsmath/amsgen.sty
File: amsgen.sty 1999/11/30 v2.0 generic functions
\@emptytoks=\toks19
\ex@=\dimen139
)) (/usr/share/texmf-dist/tex/latex/amsmath/amsbsy.sty
Package: amsbsy 1999/11/29 v1.2d Bold Symbols
\pmbraise@=\dimen140
) (/usr/share/texmf-dist/tex/latex/amsmath/amsopn.sty
Package: amsopn 2021/08/26 v2.02 operator names
)
\inf@bad=\count390
LaTeX Info: Redefining \frac on input line 234.
\uproot@=\count391
\leftroot@=\count392
LaTeX Info: Redefining \overline on input line 399.
\classnum@=\count393
\DOTSCASE@=\count394
LaTeX Info: Redefining \ldots on input line 496.
LaTeX Info: Redefining \dots on input line 499.
LaTeX Info: Redefining \cdots on input line 620.
\Mathstrutbox@=\box51
\strutbox@=\box52
\big@size=\dimen141
LaTeX Font Info:    Redeclaring font encoding OML on input line 743.
LaTeX Font Info:    Redeclaring font encoding OMS on input line 744.
\macc@depth=\count395
\c@MaxMatrixCols=\count396
\dotsspace@=\muskip21
\c@parentequation=\count397
\dspbrk@lvl=\count398
\tag@help=\toks20
\row@=\count399
\column@=\count400
\maxfields@=\count401
\andhelp@=\toks21
\eqnshift@=\dimen142
\alignsep@=\dimen143
\tagshift@=\dimen144
\tagwidth@=\dimen145
\totwidth@=\dimen146
\lineht@=\dimen147
\@envbody=\toks22
\multlinegap=\skip72
\multlinetaggap=\skip73
\mathdisplay@stack=\toks23
LaTeX Info: Redefining \[ on input line 2938.
LaTeX Info: Redefining \] on input line 2939.
) (/usr/share/texmf-dist/tex/latex/amsfonts/amssymb.sty
Package: amssymb 2013/01/14 v3.01 AMS font symbols
 (/usr/share/texmf-dist/tex/latex/amsfonts/amsfonts.sty
Package: amsfonts 2013/01/14 v3.01 Basic AMSFonts support
\symAMSa=\mathgroup4
\symAMSb=\mathgroup5
LaTeX Font Info:    Redeclaring math symbol \hbar on input line 98.
LaTeX Font Info:    Overwriting math alphabet `\mathfrak' in version `bold'
(Font)                  U/euf/m/n --> U/euf/b/n on input line 106.
)) (/usr/share/texmf-dist/tex/latex/amscls/amsthm.sty
Package: amsthm 2020/05/29 v2.20.6
\thm@style=\toks24
\thm@bodyfont=\toks25
\thm@headfont=\toks26
\thm@notefont=\toks27
\thm@headpunct=\toks28
\thm@preskip=\skip74
\thm@postskip=\skip75
\thm@headsep=\skip76
\dth@everypar=\toks29
) (/usr/share/texmf-dist/tex/latex/pgf/frontendlayer/tikz.sty (/usr/share/texmf-dist/tex/latex/pgf/basiclayer/pgf.sty (/usr/share/texmf-dist/tex/latex/pgf/utilities/pgfrcs.sty (/usr/share/texmf-dist/tex/generic/pgf/utilities/pgfutil-common.tex
\pgfutil@everybye=\toks30
\pgfutil@tempdima=\dimen148
\pgfutil@tempdimb=\dimen149
 (/usr/share/texmf-dist/tex/generic/pgf/utilities/pgfutil-common-lists.tex)) (/usr/share/texmf-dist/tex/generic/pgf/utilities/pgfutil-latex.def
\pgfutil@abb=\box53
) (/usr/share/texmf-dist/tex/generic/pgf/utilities/pgfrcs.code.tex (/usr/share/texmf-dist/tex/generic/pgf/pgf.revision.tex)
Package: pgfrcs 2021/05/15 v3.1.9a (3.1.9a)
))
Package: pgf 2021/05/15 v3.1.9a (3.1.9a)
 (/usr/share/texmf-dist/tex/latex/pgf/basiclayer/pgfcore.sty (/usr/share/texmf-dist/tex/latex/graphics/graphicx.sty
Package: graphicx 2021/09/16 v1.2d Enhanced LaTeX Graphics (DPC,SPQR)
 (/usr/share/texmf-dist/tex/latex/graphics/graphics.sty
Package: graphics 2021/03/04 v1.4d Standard LaTeX Graphics (DPC,SPQR)
 (/usr/share/texmf-dist/tex/latex/graphics/trig.sty
Package: trig 2021/08/11 v1.11 sin cos tan (DPC)
) (/usr/share/texmf-dist/tex/latex/graphics-cfg/graphics.cfg
File: graphics.cfg 2016/06/04 v1.11 sample graphics configuration
)
Package graphics Info: Driver file: pdftex.def on input line 107.
 (/usr/share/texmf-dist/tex/latex/graphics-def/pdftex.def
File: pdftex.def 2020/10/05 v1.2a Graphics/color driver for pdftex
))
\Gin@req@height=\dimen150
\Gin@req@width=\dimen151
) (/usr/share/texmf-dist/tex/latex/pgf/systemlayer/pgfsys.sty (/usr/share/texmf-dist/tex/generic/pgf/systemlayer/pgfsys.code.tex
Package: pgfsys 2021/05/15 v3.1.9a (3.1.9a)
 (/usr/share/texmf-dist/tex/generic/pgf/utilities/pgfkeys.code.tex
\pgfkeys@pathtoks=\toks31
\pgfkeys@temptoks=\toks32
 (/usr/share/texmf-dist/tex/generic/pgf/utilities/pgfkeysfiltered.code.tex
\pgfkeys@tmptoks=\toks33
))
\pgf@x=\dimen152
\pgf@y=\dimen153
\pgf@xa=\dimen154
\pgf@ya=\dimen155
\pgf@xb=\dimen156
\pgf@yb=\dimen157
\pgf@xc=\dimen158
\pgf@yc=\dimen159
\pgf@xd=\dimen160
\pgf@yd=\dimen161
\w@pgf@writea=\write4
\r@pgf@reada=\read3
\c@pgf@counta=\count402
\c@pgf@countb=\count403
\c@pgf@countc=\count404
\c@pgf@countd=\count405
\t@pgf@toka=\toks34
\t@pgf@tokb=\toks35
\t@pgf@tokc=\toks36
\pgf@sys@id@count=\count406
 (/usr/share/texmf-dist/tex/generic/pgf/systemlayer/pgf.cfg
File: pgf.cfg 2021/05/15 v3.1.9a (3.1.9a)
)
Driver file for pgf: pgfsys-pdftex.def
 (/usr/share/texmf-dist/tex/generic/pgf/systemlayer/pgfsys-pdftex.def
File: pgfsys-pdftex.def 2021/05/15 v3.1.9a (3.1.9a)
 (/usr/share/texmf-dist/tex/generic/pgf/systemlayer/pgfsys-common-pdf.def
File: pgfsys-common-pdf.def 2021/05/15 v3.1.9a (3.1.9a)
))) (/usr/share/texmf-dist/tex/generic/pgf/systemlayer/pgfsyssoftpath.code.tex
File: pgfsyssoftpath.code.tex 2021/05/15 v3.1.9a (3.1.9a)
\pgfsyssoftpath@smallbuffer@items=\count407
\pgfsyssoftpath@bigbuffer@items=\count408
) (/usr/share/texmf-dist/tex/generic/pgf/systemlayer/pgfsysprotocol.code.tex
File: pgfsysprotocol.code.tex 2021/05/15 v3.1.9a (3.1.9a)
)) (/usr/share/texmf-dist/tex/latex/xcolor/xcolor.sty
Package: xcolor 2021/10/31 v2.13 LaTeX color extensions (UK)
 (/usr/share/texmf-dist/tex/latex/graphics-cfg/color.cfg
File: color.cfg 2016/01/02 v1.6 sample color configuration
)
Package xcolor Info: Driver file: pdftex.def on input line 227.
Package xcolor Info: Model `cmy' substituted by `cmy0' on input line 1352.
Package xcolor Info: Model `hsb' substituted by `rgb' on input line 1356.
Package xcolor Info: Model `RGB' extended on input line 1368.
Package xcolor Info: Model `HTML' substituted by `rgb' on input line 1370.
Package xcolor Info: Model `Hsb' substituted by `hsb' on input line 1371.
Package xcolor Info: Model `tHsb' substituted by `hsb' on input line 1372.
Package xcolor Info: Model `HSB' substituted by `hsb' on input line 1373.
Package xcolor Info: Model `Gray' substituted by `gray' on input line 1374.
Package xcolor Info: Model `wave' substituted by `hsb' on input line 1375.
) (/usr/share/texmf-dist/tex/generic/pgf/basiclayer/pgfcore.code.tex
Package: pgfcore 2021/05/15 v3.1.9a (3.1.9a)
 (/usr/share/texmf-dist/tex/generic/pgf/math/pgfmath.code.tex (/usr/share/texmf-dist/tex/generic/pgf/math/pgfmathcalc.code.tex (/usr/share/texmf-dist/tex/generic/pgf/math/pgfmathutil.code.tex) (/usr/share/texmf-dist/tex/generic/pgf/math/pgfmathparser.code.tex
\pgfmath@dimen=\dimen162
\pgfmath@count=\count409
\pgfmath@box=\box54
\pgfmath@toks=\toks37
\pgfmath@stack@operand=\toks38
\pgfmath@stack@operation=\toks39
) (/usr/share/texmf-dist/tex/generic/pgf/math/pgfmathfunctions.code.tex (/usr/share/texmf-dist/tex/generic/pgf/math/pgfmathfunctions.basic.code.tex) (/usr/share/texmf-dist/tex/generic/pgf/math/pgfmathfunctions.trigonometric.code.tex) (/usr/share/texmf-dist/tex/generic/pgf/math/pgfmathfunctions.random.code.tex) (/usr/share/texmf-dist/tex/generic/pgf/math/pgfmathfunctions.comparison.code.tex) (/usr/share/texmf-dist/tex/generic/pgf/math/pgfmathfunctions.base.code.tex) (/usr/share/texmf-dist/tex/generic/pgf/math/pgfmathfunctions.round.code.tex) (/usr/share/texmf-dist/tex/generic/pgf/math/pgfmathfunctions.misc.code.tex) (/usr/share/texmf-dist/tex/generic/pgf/math/pgfmathfunctions.integerarithmetics.code.tex))) (/usr/share/texmf-dist/tex/generic/pgf/math/pgfmathfloat.code.tex
\c@pgfmathroundto@lastzeros=\count410
)) (/usr/share/texmf-dist/tex/generic/pgf/math/pgfint.code.tex) (/usr/share/texmf-dist/tex/generic/pgf/basiclayer/pgfcorepoints.code.tex
File: pgfcorepoints.code.tex 2021/05/15 v3.1.9a (3.1.9a)
\pgf@picminx=\dimen163
\pgf@picmaxx=\dimen164
\pgf@picminy=\dimen165
\pgf@picmaxy=\dimen166
\pgf@pathminx=\dimen167
\pgf@pathmaxx=\dimen168
\pgf@pathminy=\dimen169
\pgf@pathmaxy=\dimen170
\pgf@xx=\dimen171
\pgf@xy=\dimen172
\pgf@yx=\dimen173
\pgf@yy=\dimen174
\pgf@zx=\dimen175
\pgf@zy=\dimen176
) (/usr/share/texmf-dist/tex/generic/pgf/basiclayer/pgfcorepathconstruct.code.tex
File: pgfcorepathconstruct.code.tex 2021/05/15 v3.1.9a (3.1.9a)
\pgf@path@lastx=\dimen177
\pgf@path@lasty=\dimen178
) (/usr/share/texmf-dist/tex/generic/pgf/basiclayer/pgfcorepathusage.code.tex
File: pgfcorepathusage.code.tex 2021/05/15 v3.1.9a (3.1.9a)
\pgf@shorten@end@additional=\dimen179
\pgf@shorten@start@additional=\dimen180
) (/usr/share/texmf-dist/tex/generic/pgf/basiclayer/pgfcorescopes.code.tex
File: pgfcorescopes.code.tex 2021/05/15 v3.1.9a (3.1.9a)
\pgfpic=\box55
\pgf@hbox=\box56
\pgf@layerbox@main=\box57
\pgf@picture@serial@count=\count411
) (/usr/share/texmf-dist/tex/generic/pgf/basiclayer/pgfcoregraphicstate.code.tex
File: pgfcoregraphicstate.code.tex 2021/05/15 v3.1.9a (3.1.9a)
\pgflinewidth=\dimen181
) (/usr/share/texmf-dist/tex/generic/pgf/basiclayer/pgfcoretransformations.code.tex
File: pgfcoretransformations.code.tex 2021/05/15 v3.1.9a (3.1.9a)
\pgf@pt@x=\dimen182
\pgf@pt@y=\dimen183
\pgf@pt@temp=\dimen184
) (/usr/share/texmf-dist/tex/generic/pgf/basiclayer/pgfcorequick.code.tex
File: pgfcorequick.code.tex 2021/05/15 v3.1.9a (3.1.9a)
) (/usr/share/texmf-dist/tex/generic/pgf/basiclayer/pgfcoreobjects.code.tex
File: pgfcoreobjects.code.tex 2021/05/15 v3.1.9a (3.1.9a)
) (/usr/share/texmf-dist/tex/generic/pgf/basiclayer/pgfcorepathprocessing.code.tex
File: pgfcorepathprocessing.code.tex 2021/05/15 v3.1.9a (3.1.9a)
) (/usr/share/texmf-dist/tex/generic/pgf/basiclayer/pgfcorearrows.code.tex
File: pgfcorearrows.code.tex 2021/05/15 v3.1.9a (3.1.9a)
\pgfarrowsep=\dimen185
) (/usr/share/texmf-dist/tex/generic/pgf/basiclayer/pgfcoreshade.code.tex
File: pgfcoreshade.code.tex 2021/05/15 v3.1.9a (3.1.9a)
\pgf@max=\dimen186
\pgf@sys@shading@range@num=\count412
\pgf@shadingcount=\count413
) (/usr/share/texmf-dist/tex/generic/pgf/basiclayer/pgfcoreimage.code.tex
File: pgfcoreimage.code.tex 2021/05/15 v3.1.9a (3.1.9a)
 (/usr/share/texmf-dist/tex/generic/pgf/basiclayer/pgfcoreexternal.code.tex
File: pgfcoreexternal.code.tex 2021/05/15 v3.1.9a (3.1.9a)
\pgfexternal@startupbox=\box58
)) (/usr/share/texmf-dist/tex/generic/pgf/basiclayer/pgfcorelayers.code.tex
File: pgfcorelayers.code.tex 2021/05/15 v3.1.9a (3.1.9a)
) (/usr/share/texmf-dist/tex/generic/pgf/basiclayer/pgfcoretransparency.code.tex
File: pgfcoretransparency.code.tex 2021/05/15 v3.1.9a (3.1.9a)
) (/usr/share/texmf-dist/tex/generic/pgf/basiclayer/pgfcorepatterns.code.tex
File: pgfcorepatterns.code.tex 2021/05/15 v3.1.9a (3.1.9a)
) (/usr/share/texmf-dist/tex/generic/pgf/basiclayer/pgfcorerdf.code.tex
File: pgfcorerdf.code.tex 2021/05/15 v3.1.9a (3.1.9a)
))) (/usr/share/texmf-dist/tex/generic/pgf/modules/pgfmoduleshapes.code.tex
File: pgfmoduleshapes.code.tex 2021/05/15 v3.1.9a (3.1.9a)
\pgfnodeparttextbox=\box59
) (/usr/share/texmf-dist/tex/generic/pgf/modules/pgfmoduleplot.code.tex
File: pgfmoduleplot.code.tex 2021/05/15 v3.1.9a (3.1.9a)
) (/usr/share/texmf-dist/tex/latex/pgf/compatibility/pgfcomp-version-0-65.sty
Package: pgfcomp-version-0-65 2021/05/15 v3.1.9a (3.1.9a)
\pgf@nodesepstart=\dimen187
\pgf@nodesepend=\dimen188
) (/usr/share/texmf-dist/tex/latex/pgf/compatibility/pgfcomp-version-1-18.sty
Package: pgfcomp-version-1-18 2021/05/15 v3.1.9a (3.1.9a)
)) (/usr/share/texmf-dist/tex/latex/pgf/utilities/pgffor.sty (/usr/share/texmf-dist/tex/latex/pgf/utilities/pgfkeys.sty (/usr/share/texmf-dist/tex/generic/pgf/utilities/pgfkeys.code.tex)) (/usr/share/texmf-dist/tex/latex/pgf/math/pgfmath.sty (/usr/share/texmf-dist/tex/generic/pgf/math/pgfmath.code.tex)) (/usr/share/texmf-dist/tex/generic/pgf/utilities/pgffor.code.tex
Package: pgffor 2021/05/15 v3.1.9a (3.1.9a)
 (/usr/share/texmf-dist/tex/generic/pgf/math/pgfmath.code.tex)
\pgffor@iter=\dimen189
\pgffor@skip=\dimen190
\pgffor@stack=\toks40
\pgffor@toks=\toks41
)) (/usr/share/texmf-dist/tex/generic/pgf/frontendlayer/tikz/tikz.code.tex
Package: tikz 2021/05/15 v3.1.9a (3.1.9a)
 (/usr/share/texmf-dist/tex/generic/pgf/libraries/pgflibraryplothandlers.code.tex
File: pgflibraryplothandlers.code.tex 2021/05/15 v3.1.9a (3.1.9a)
\pgf@plot@mark@count=\count414
\pgfplotmarksize=\dimen191
)
\tikz@lastx=\dimen192
\tikz@lasty=\dimen193
\tikz@lastxsaved=\dimen194
\tikz@lastysaved=\dimen195
\tikz@lastmovetox=\dimen196
\tikz@lastmovetoy=\dimen197
\tikzleveldistance=\dimen198
\tikzsiblingdistance=\dimen199
\tikz@figbox=\box60
\tikz@figbox@bg=\box61
\tikz@tempbox=\box62
\tikz@tempbox@bg=\box63
\tikztreelevel=\count415
\tikznumberofchildren=\count416
\tikznumberofcurrentchild=\count417
\tikz@fig@count=\count418
 (/usr/share/texmf-dist/tex/generic/pgf/modules/pgfmodulematrix.code.tex
File: pgfmodulematrix.code.tex 2021/05/15 v3.1.9a (3.1.9a)
\pgfmatrixcurrentrow=\count419
\pgfmatrixcurrentcolumn=\count420
\pgf@matrix@numberofcolumns=\count421
)
\tikz@expandcount=\count422
 (/usr/share/texmf-dist/tex/generic/pgf/frontendlayer/tikz/libraries/tikzlibrarytopaths.code.tex
File: tikzlibrarytopaths.code.tex 2021/05/15 v3.1.9a (3.1.9a)
))) (/usr/share/texmf-dist/tex/latex/standalone/standalone.sty
Package: standalone 2018/03/26 v1.3a Package to include TeX sub-files with preambles
 (/usr/share/texmf-dist/tex/latex/tools/shellesc.sty
Package: shellesc 2019/11/08 v1.0c unified shell escape interface for LaTeX
Package shellesc Info: Restricted shell escape enabled on input line 77.
) (/usr/share/texmf-dist/tex/latex/xkeyval/xkeyval.sty
Package: xkeyval 2020/11/20 v2.8 package option processing (HA)
 (/usr/share/texmf-dist/tex/generic/xkeyval/xkeyval.tex (/usr/share/texmf-dist/tex/generic/xkeyval/xkvutils.tex
\XKV@toks=\toks42
\XKV@tempa@toks=\toks43
)
\XKV@depth=\count423
File: xkeyval.tex 2014/12/03 v2.7a key=value parser (HA)
)) (/usr/share/texmf-dist/tex/latex/currfile/currfile.sty
Package: currfile 2020/09/29 v0.7d Provides the file path elements of the current input file
 (/usr/share/texmf-dist/tex/latex/filehook/filehook.sty
Package: filehook 2020/09/29 v0.8a Hooks for input files
 (/usr/share/texmf-dist/tex/latex/filehook/filehook-2020.sty
Package: filehook-2020 2020/09/29 v0.8a Hooks for input files
))
\c@currfiledepth=\count424
) (/usr/share/texmf-dist/tex/latex/gincltex/gincltex.sty (/usr/share/texmf-dist/tex/latex/svn-prov/svn-prov.sty
Package: svn-prov 2010/04/24 v3.1862 Package Date/Version from SVN Keywords
)
Package: gincltex 2011/09/04 v0.3 Include external LaTeX files like graphics
 (/usr/share/texmf-dist/tex/latex/adjustbox/adjustbox.sty
Package: adjustbox 2020/08/19 v1.3 Adjusting TeX boxes (trim, clip, ...)
 (/usr/share/texmf-dist/tex/latex/adjustbox/adjcalc.sty
Package: adjcalc 2012/05/16 v1.1 Provides advanced setlength with multiple back-ends (calc, etex, pgfmath)
) (/usr/share/texmf-dist/tex/latex/adjustbox/trimclip.sty
Package: trimclip 2020/08/19 v1.2 Trim and clip general TeX material
 (/usr/share/texmf-dist/tex/latex/collectbox/collectbox.sty
Package: collectbox 2012/05/17 v0.4b Collect macro arguments as boxes
\collectedbox=\box64
)
\tc@llx=\dimen256
\tc@lly=\dimen257
\tc@urx=\dimen258
\tc@ury=\dimen259
Package trimclip Info: Using driver 'tc-pdftex.def'.
 (/usr/share/texmf-dist/tex/latex/adjustbox/tc-pdftex.def
File: tc-pdftex.def 2019/01/04 v2.2 Clipping driver for pdftex
))
\adjbox@Width=\dimen260
\adjbox@Height=\dimen261
\adjbox@Depth=\dimen262
\adjbox@Totalheight=\dimen263
\adjbox@pwidth=\dimen264
\adjbox@pheight=\dimen265
\adjbox@pdepth=\dimen266
\adjbox@ptotalheight=\dimen267
 (/usr/share/texmf-dist/tex/latex/ifoddpage/ifoddpage.sty
Package: ifoddpage 2016/04/23 v1.1 Conditionals for odd/even page detection
\c@checkoddpage=\count425
) (/usr/share/texmf-dist/tex/latex/varwidth/varwidth.sty
Package: varwidth 2009/03/30 ver 0.92;  Variable-width minipages
\@vwid@box=\box65
\sift@deathcycles=\count426
\@vwid@loff=\dimen268
\@vwid@roff=\dimen269
))
\gincltex@box=\box66
) (/usr/share/texmf-dist/tex/latex/filemod/filemod-expmin.sty
Package: filemod-expmin 2011/09/19 v1.2 Get and compare file modification times (expandable; minimal)
)) (/usr/share/texmf-dist/tex/latex/svg/svg.sty
Package: svg 2020/11/26 v2.02k (include SVG pictures)
 (/usr/share/texmf-dist/tex/latex/koma-script/scrbase.sty
Package: scrbase 2021/11/13 v3.35 KOMA-Script package (KOMA-Script-independent basics and keyval usage)
 (/usr/share/texmf-dist/tex/latex/koma-script/scrlfile.sty
Package: scrlfile 2021/11/13 v3.35 KOMA-Script package (file load hooks)
 (/usr/share/texmf-dist/tex/latex/koma-script/scrlfile-hook.sty
Package: scrlfile-hook 2021/11/13 v3.35 KOMA-Script package (using LaTeX hooks)
 (/usr/share/texmf-dist/tex/latex/koma-script/scrlogo.sty
Package: scrlogo 2021/11/13 v3.35 KOMA-Script package (logo)
)))
Applying: [2021/05/01] Usage of raw or classic option list on input line 252.
Already applied: [0000/00/00] Usage of raw or classic option list on input line 368.
) (/usr/share/texmf-dist/tex/latex/trimspaces/trimspaces.sty
Package: trimspaces 2009/09/17 v1.1 Trim spaces around a token list
)
\c@svg@param@lastpage=\count427
\svg@box=\box67
\c@svg@param@currpage=\count428
) (/usr/share/texmf-dist/tex/latex/transparent/transparent.sty
Package: transparent 2019/11/29 v1.4 Transparency via pdfTeX's color stack (HO)
 (/usr/share/texmf-dist/tex/latex/auxhook/auxhook.sty
Package: auxhook 2019-12-17 v1.6 Hooks for auxiliary files (HO)
)) (/usr/share/texmf-dist/tex/latex/was/gensymb.sty
Package: gensymb 2003/07/02 v1.0 (WaS)
) (/usr/share/texmf-dist/tex/latex/float/float.sty
Package: float 2001/11/08 v1.3d Float enhancements (AL)
\c@float@type=\count429
\float@exts=\toks44
\float@box=\box68
\@float@everytoks=\toks45
\@floatcapt=\box69
) (/usr/share/texmf-dist/tex/latex/geometry/geometry.sty
Package: geometry 2020/01/02 v5.9 Page Geometry
 (/usr/share/texmf-dist/tex/generic/iftex/ifvtex.sty
Package: ifvtex 2019/10/25 v1.7 ifvtex legacy package. Use iftex instead.
)
\Gm@cnth=\count430
\Gm@cntv=\count431
\c@Gm@tempcnt=\count432
\Gm@bindingoffset=\dimen270
\Gm@wd@mp=\dimen271
\Gm@odd@mp=\dimen272
\Gm@even@mp=\dimen273
\Gm@layoutwidth=\dimen274
\Gm@layoutheight=\dimen275
\Gm@layouthoffset=\dimen276
\Gm@layoutvoffset=\dimen277
\Gm@dimlist=\toks46
) (/usr/share/texmf-dist/tex/latex/hyperref/hyperref.sty
Package: hyperref 2022-02-21 v7.00n Hypertext links for LaTeX
 (/usr/share/texmf-dist/tex/generic/kvdefinekeys/kvdefinekeys.sty
Package: kvdefinekeys 2019-12-19 v1.6 Define keys (HO)
) (/usr/share/texmf-dist/tex/generic/pdfescape/pdfescape.sty
Package: pdfescape 2019/12/09 v1.15 Implements pdfTeX's escape features (HO)
) (/usr/share/texmf-dist/tex/latex/hycolor/hycolor.sty
Package: hycolor 2020-01-27 v1.10 Color options for hyperref/bookmark (HO)
) (/usr/share/texmf-dist/tex/latex/letltxmacro/letltxmacro.sty
Package: letltxmacro 2019/12/03 v1.6 Let assignment for LaTeX macros (HO)
)
\@linkdim=\dimen278
\Hy@linkcounter=\count433
\Hy@pagecounter=\count434
 (/usr/share/texmf-dist/tex/latex/hyperref/pd1enc.def
File: pd1enc.def 2022-02-21 v7.00n Hyperref: PDFDocEncoding definition (HO)
Now handling font encoding PD1 ...
... no UTF-8 mapping file for font encoding PD1
) (/usr/share/texmf-dist/tex/generic/intcalc/intcalc.sty
Package: intcalc 2019/12/15 v1.3 Expandable calculations with integers (HO)
) (/usr/share/texmf-dist/tex/generic/etexcmds/etexcmds.sty
Package: etexcmds 2019/12/15 v1.7 Avoid name clashes with e-TeX commands (HO)
)
\Hy@SavedSpaceFactor=\count435
 (/usr/share/texmf-dist/tex/latex/hyperref/puenc.def
File: puenc.def 2022-02-21 v7.00n Hyperref: PDF Unicode definition (HO)
Now handling font encoding PU ...
... no UTF-8 mapping file for font encoding PU
)
Package hyperref Info: Hyper figures OFF on input line 4137.
Package hyperref Info: Link nesting OFF on input line 4142.
Package hyperref Info: Hyper index ON on input line 4145.
Package hyperref Info: Plain pages OFF on input line 4152.
Package hyperref Info: Backreferencing OFF on input line 4157.
Package hyperref Info: Implicit mode ON; LaTeX internals redefined.
Package hyperref Info: Bookmarks ON on input line 4390.
\c@Hy@tempcnt=\count436
LaTeX Info: Redefining \url on input line 4749.
\XeTeXLinkMargin=\dimen279
 (/usr/share/texmf-dist/tex/generic/bitset/bitset.sty
Package: bitset 2019/12/09 v1.3 Handle bit-vector datatype (HO)
 (/usr/share/texmf-dist/tex/generic/bigintcalc/bigintcalc.sty
Package: bigintcalc 2019/12/15 v1.5 Expandable calculations on big integers (HO)
))
\Fld@menulength=\count437
\Field@Width=\dimen280
\Fld@charsize=\dimen281
Package hyperref Info: Hyper figures OFF on input line 6027.
Package hyperref Info: Link nesting OFF on input line 6032.
Package hyperref Info: Hyper index ON on input line 6035.
Package hyperref Info: backreferencing OFF on input line 6042.
Package hyperref Info: Link coloring OFF on input line 6047.
Package hyperref Info: Link coloring with OCG OFF on input line 6052.
Package hyperref Info: PDF/A mode OFF on input line 6057.
LaTeX Info: Redefining \ref on input line 6097.
LaTeX Info: Redefining \pageref on input line 6101.
 (/usr/share/texmf-dist/tex/latex/base/atbegshi-ltx.sty
Package: atbegshi-ltx 2021/01/10 v1.0c Emulation of the original atbegshi
package with kernel methods
)
\Hy@abspage=\count438
\c@Item=\count439
\c@Hfootnote=\count440
)
Package hyperref Info: Driver (autodetected): hpdftex.
 (/usr/share/texmf-dist/tex/latex/hyperref/hpdftex.def
File: hpdftex.def 2022-02-21 v7.00n Hyperref driver for pdfTeX
 (/usr/share/texmf-dist/tex/latex/base/atveryend-ltx.sty
Package: atveryend-ltx 2020/08/19 v1.0a Emulation of the original atveryend package
with kernel methods
)
\Fld@listcount=\count441
\c@bookmark@seq@number=\count442
 (/usr/share/texmf-dist/tex/latex/rerunfilecheck/rerunfilecheck.sty
Package: rerunfilecheck 2019/12/05 v1.9 Rerun checks for auxiliary files (HO)
 (/usr/share/texmf-dist/tex/generic/uniquecounter/uniquecounter.sty
Package: uniquecounter 2019/12/15 v1.4 Provide unlimited unique counter (HO)
)
Package uniquecounter Info: New unique counter `rerunfilecheck' on input line 286.
)
\Hy@SectionHShift=\skip77
) (/usr/share/texmf-dist/tex/latex/animate/animate.sty
Package: animate 2022/02/21 PDF & SVG animations from files and inline graphics
 (/usr/share/texmf-dist/tex/latex/oberdiek/ifdraft.sty
Package: ifdraft 2016/05/16 v1.4 Detect class options draft and final (HO)
) (/usr/share/texmf-dist/tex/latex/tools/calc.sty
Package: calc 2017/05/25 v4.3 Infix arithmetic (KKT,FJ)
\calc@Acount=\count443
\calc@Bcount=\count444
\calc@Adimen=\dimen282
\calc@Bdimen=\dimen283
\calc@Askip=\skip78
\calc@Bskip=\skip79
LaTeX Info: Redefining \setlength on input line 80.
LaTeX Info: Redefining \addtolength on input line 81.
\calc@Ccount=\count445
\calc@Cskip=\skip80
) (/usr/share/texmf-dist/tex/latex/zref/zref-abspage.sty
Package: zref-abspage 2022-04-07 v2.34 Module abspage for zref (HO)
 (/usr/share/texmf-dist/tex/latex/zref/zref-base.sty
Package: zref-base 2022-04-07 v2.34 Module base for zref (HO)
Package zref Info: New property list: main on input line 767.
Package zref Info: New property: default on input line 768.
Package zref Info: New property: page on input line 769.
)
\c@abspage=\count446
Package zref Info: New property: abspage on input line 65.
) (/usr/share/texmf-dist/tex/latex/media9/pdfbase.sty (/usr/share/texmf-dist/tex/latex/l3packages/l3keys2e/l3keys2e.sty
Package: l3keys2e 2022-01-12 LaTeX2e option processing using LaTeX3 keys
)
Package: pdfbase 2022/03/18 v0.54 driver independent access to low-level PDF features
\g_pbs_page_int=\count447
\g_pbs_oc_int=\count448
) (/usr/share/texmf-dist/tex/latex/ocgx2/ocgbase.sty
Package: ocgbase 2022/04/01 v0.21 support package for ocgx2.sty
\g_ocgbase_nd_int=\count449
)
\@anim@box=\box70
\@anim@measbox=\box71
\@anim@tmpdima=\dimen284
\@anim@tmpdimb=\dimen285
\@anim@num=\count450
\@anim@curframe=\count451
\@anim@curframe@zb=\count452
\@anim@resizeflags=\count453
\@anim@skipfram=\count454
\@anim@mulframecnt=\count455
\@anim@@tmlnfile=\read4
\@anim@tmpcnt=\count456
\c@@anim@ltxcnt=\count457
\@anim@curlayer=\count458
\@anim@lineno=\count459
\@anim@curfield=\count460
\@anim@@resizeflags=\count461
) (/usr/share/texmf-dist/tex/latex/caption/caption.sty
Package: caption 2022/03/01 v3.6b Customizing captions (AR)
 (/usr/share/texmf-dist/tex/latex/caption/caption3.sty
Package: caption3 2022/03/17 v2.3b caption3 kernel (AR)
\caption@tempdima=\dimen286
\captionmargin=\dimen287
\caption@leftmargin=\dimen288
\caption@rightmargin=\dimen289
\caption@width=\dimen290
\caption@indent=\dimen291
\caption@parindent=\dimen292
\caption@hangindent=\dimen293
Package caption Info: Standard document class detected.
)
\c@caption@flags=\count462
\c@continuedfloat=\count463
Package caption Info: float package is loaded.
Package caption Info: hyperref package is loaded.
) (/usr/share/texmf-dist/tex/latex/caption/subcaption.sty
Package: subcaption 2022/01/07 v1.5 Sub-captions (AR)
\c@subfigure=\count464
\c@subtable=\count465
) (/usr/share/texmf-dist/tex/latex/mathtools/mathtools.sty
Package: mathtools 2022/02/07 v1.28a mathematical typesetting tools
 (/usr/share/texmf-dist/tex/latex/mathtools/mhsetup.sty
Package: mhsetup 2021/03/18 v1.4 programming setup (MH)
)
\g_MT_multlinerow_int=\count466
\l_MT_multwidth_dim=\dimen294
\origjot=\skip81
\l_MT_shortvdotswithinadjustabove_dim=\dimen295
\l_MT_shortvdotswithinadjustbelow_dim=\dimen296
\l_MT_above_intertext_sep=\dimen297
\l_MT_below_intertext_sep=\dimen298
\l_MT_above_shortintertext_sep=\dimen299
\l_MT_below_shortintertext_sep=\dimen300
\xmathstrut@box=\box72
\xmathstrut@dim=\dimen301
) (/usr/share/texmf-dist/tex/latex/thmtools/thmtools.sty
Package: thmtools 2020/08/01 v0.72
\thmt@toks=\toks47
\c@thmt@dummyctr=\count467
 (/usr/share/texmf-dist/tex/latex/thmtools/thm-patch.sty
Package: thm-patch 2020/08/01 v0.72
 (/usr/share/texmf-dist/tex/latex/thmtools/parseargs.sty
Package: parseargs 2020/08/01 v0.72
\@parsespec=\toks48
)) (/usr/share/texmf-dist/tex/latex/thmtools/thm-kv.sty
Package: thm-kv 2020/08/01 v0.72
Package thm-kv Info: Theorem names will be uppercased on input line 42.
Package thm-kv Info: kvsetkeys patch (v1.16 or later) on input line 158.
) (/usr/share/texmf-dist/tex/latex/thmtools/thm-autoref.sty
Package: thm-autoref 2020/08/01 v0.72
 (/usr/share/texmf-dist/tex/latex/thmtools/aliasctr.sty
Package: aliasctr 2020/08/01 v0.72
)) (/usr/share/texmf-dist/tex/latex/thmtools/thm-listof.sty
Package: thm-listof 2020/08/01 v0.72
) (/usr/share/texmf-dist/tex/latex/thmtools/thm-restate.sty
Package: thm-restate 2020/08/01 v0.72
) (/usr/share/texmf-dist/tex/latex/thmtools/thm-amsthm.sty
Package: thm-amsthm 2020/08/01 v0.72
\thmt@style@headstyle=\toks49
))
\c@theorem=\count468
\c@sublemma=\count469
Package hyperref Info: Option `colorlinks' set `true' on input line 37.
\@quotelevel=\count470
\@quotereset=\count471
 (./DraftDoc.aux)
\openout1 = `DraftDoc.aux'.

LaTeX Font Info:    Checking defaults for OML/cmm/m/it on input line 39.
LaTeX Font Info:    ... okay on input line 39.
LaTeX Font Info:    Checking defaults for OMS/cmsy/m/n on input line 39.
LaTeX Font Info:    ... okay on input line 39.
LaTeX Font Info:    Checking defaults for OT1/cmr/m/n on input line 39.
LaTeX Font Info:    ... okay on input line 39.
LaTeX Font Info:    Checking defaults for T1/cmr/m/n on input line 39.
LaTeX Font Info:    ... okay on input line 39.
LaTeX Font Info:    Checking defaults for TS1/cmr/m/n on input line 39.
LaTeX Font Info:    ... okay on input line 39.
LaTeX Font Info:    Checking defaults for OMX/cmex/m/n on input line 39.
LaTeX Font Info:    ... okay on input line 39.
LaTeX Font Info:    Checking defaults for U/cmr/m/n on input line 39.
LaTeX Font Info:    ... okay on input line 39.
LaTeX Font Info:    Checking defaults for PD1/pdf/m/n on input line 39.
LaTeX Font Info:    ... okay on input line 39.
LaTeX Font Info:    Checking defaults for PU/pdf/m/n on input line 39.
LaTeX Font Info:    ... okay on input line 39.
Package biblatex Info: Trying to load language 'english'...
Package biblatex Info: ... file 'english.lbx' found.
 (/usr/share/texmf-dist/tex/latex/biblatex/lbx/english.lbx
File: english.lbx 2022/02/02 v3.17 biblatex localization (PK/MW)
)
Package biblatex Info: Input encoding 'utf8' detected.
Package biblatex Info: Automatic encoding selection.
(biblatex)             Assuming data encoding 'utf8'.
\openout3 = `DraftDoc.bcf'.

Package biblatex Info: Trying to load bibliographic data...
Package biblatex Info: ... file 'DraftDoc.bbl' found.
 (./DraftDoc.bbl)
Package biblatex Info: Reference section=0 on input line 39.
Package biblatex Info: Reference segment=0 on input line 39.
 (/usr/share/texmf-dist/tex/context/base/mkii/supp-pdf.mkii
[Loading MPS to PDF converter (version 2006.09.02).]
\scratchcounter=\count472
\scratchdimen=\dimen302
\scratchbox=\box73
\nofMPsegments=\count473
\nofMParguments=\count474
\everyMPshowfont=\toks50
\MPscratchCnt=\count475
\MPscratchDim=\dimen303
\MPnumerator=\count476
\makeMPintoPDFobject=\count477
\everyMPtoPDFconversion=\toks51
) (/usr/share/texmf-dist/tex/latex/epstopdf-pkg/epstopdf-base.sty
Package: epstopdf-base 2020-01-24 v2.11 Base part for package epstopdf
Package epstopdf-base Info: Redefining graphics rule for `.eps' on input line 485.
 (/usr/share/texmf-dist/tex/latex/latexconfig/epstopdf-sys.cfg
File: epstopdf-sys.cfg 2010/07/13 v1.3 Configuration of (r)epstopdf for TeX Live
))
LaTeX Info: Redefining \celsius on input line 39.
Package gensymb Info: Faking symbols for \degree and \celsius on input line 39.


Package gensymb Warning: Not defining \perthousand.

LaTeX Info: Redefining \ohm on input line 39.
Package gensymb Info: Using \Omega for \ohm on input line 39.

Package gensymb Warning: Not defining \micro.

*geometry* driver: auto-detecting
*geometry* detected driver: pdftex
*geometry* verbose mode - [ preamble ] result:
* driver: pdftex
* paper: <default>
* layout: <same size as paper>
* layoutoffset:(h,v)=(0.0pt,0.0pt)
* modes: 
* h-part:(L,W,R)=(72.26999pt, 469.75502pt, 72.26999pt)
* v-part:(T,H,B)=(72.26999pt, 650.43001pt, 72.26999pt)
* \paperwidth=614.295pt
* \paperheight=794.96999pt
* \textwidth=469.75502pt
* \textheight=650.43001pt
* \oddsidemargin=0.0pt
* \evensidemargin=0.0pt
* \topmargin=-37.0pt
* \headheight=12.0pt
* \headsep=25.0pt
* \topskip=10.0pt
* \footskip=30.0pt
* \marginparwidth=65.0pt
* \marginparsep=11.0pt
* \columnsep=10.0pt
* \skip\footins=9.0pt plus 4.0pt minus 2.0pt
* \hoffset=0.0pt
* \voffset=0.0pt
* \mag=1000
* \@twocolumnfalse
* \@twosidefalse
* \@mparswitchfalse
* \@reversemarginfalse
* (1in=72.27pt=25.4mm, 1cm=28.453pt)

Package hyperref Info: Link coloring ON on input line 39.
(/usr/share/texmf-dist/tex/latex/hyperref/nameref.sty
Package: nameref 2021-04-02 v2.47 Cross-referencing by name of section
 (/usr/share/texmf-dist/tex/latex/refcount/refcount.sty
Package: refcount 2019/12/15 v3.6 Data extraction from label references (HO)
) (/usr/share/texmf-dist/tex/generic/gettitlestring/gettitlestring.sty
Package: gettitlestring 2019/12/15 v1.6 Cleanup title references (HO)
)
\c@section@level=\count478
)
LaTeX Info: Redefining \ref on input line 39.
LaTeX Info: Redefining \pageref on input line 39.
LaTeX Info: Redefining \nameref on input line 39.
 (./DraftDoc.out) (./DraftDoc.out)
\@outlinefile=\write5
\openout5 = `DraftDoc.out'.

Package caption Info: Begin \AtBeginDocument code.
Package caption Info: End \AtBeginDocument code.
LaTeX Font Info:    Trying to load font information for U+msa on input line 68.
 (/usr/share/texmf-dist/tex/latex/amsfonts/umsa.fd
File: umsa.fd 2013/01/14 v3.01 AMS symbols A
)
LaTeX Font Info:    Trying to load font information for U+msb on input line 68.
 (/usr/share/texmf-dist/tex/latex/amsfonts/umsb.fd
File: umsb.fd 2013/01/14 v3.01 AMS symbols B
) (./SynthDataDiagrams/methodology1.tex) (./SynthDataDiagrams/methodology2.tex) (./SynthDataDiagrams/methodology3.tex)
Underfull \hbox (badness 10000) in paragraph at lines 146--147

 []

[1

{/var/lib/texmf/fonts/map/pdftex/updmap/pdftex.map}]
Underfull \hbox (badness 10000) in paragraph at lines 152--156

 []

[2]
Underfull \hbox (badness 10000) in paragraph at lines 199--200

 []

(./SynthDataDiagrams/2community1.tex) (./SynthDataDiagrams/2community2.tex) (./SynthDataDiagrams/2community3.tex) (./SynthDataDiagrams/longTail1.tex) (./SynthDataDiagrams/longTail2.tex) (./SynthDataDiagrams/longTail3.tex) [3] (./SynthDataDiagrams/3community1.tex) (./SynthDataDiagrams/3community2.tex) (./SynthDataDiagrams/3community3.tex)
</home/stirling/thesis/Conference Submission/Plots/Test Only/2communities/2communities 1.png, id=129, 702.625pt x 501.875pt>
File: /home/stirling/thesis/Conference Submission/Plots/Test Only/2communities/2communities 1.png Graphic file (type png)
<use /home/stirling/thesis/Conference Submission/Plots/Test Only/2communities/2communities 1.png>
Package pdftex.def Info: /home/stirling/thesis/Conference Submission/Plots/Test Only/2communities/2communities 1.png  used on input line 306.
(pdftex.def)             Requested size: 140.92793pt x 100.66422pt.
</home/stirling/thesis/Conference Submission/Plots/Test Only/2communities/2communities 2.png, id=131, 702.625pt x 501.875pt>
File: /home/stirling/thesis/Conference Submission/Plots/Test Only/2communities/2communities 2.png Graphic file (type png)
<use /home/stirling/thesis/Conference Submission/Plots/Test Only/2communities/2communities 2.png>
Package pdftex.def Info: /home/stirling/thesis/Conference Submission/Plots/Test Only/2communities/2communities 2.png  used on input line 306.
(pdftex.def)             Requested size: 140.92793pt x 100.66422pt.
</home/stirling/thesis/Conference Submission/Plots/Test Only/2communities/2communities 3.png, id=132, 702.625pt x 501.875pt>
File: /home/stirling/thesis/Conference Submission/Plots/Test Only/2communities/2communities 3.png Graphic file (type png)
<use /home/stirling/thesis/Conference Submission/Plots/Test Only/2communities/2communities 3.png>
Package pdftex.def Info: /home/stirling/thesis/Conference Submission/Plots/Test Only/2communities/2communities 3.png  used on input line 306.
(pdftex.def)             Requested size: 140.92793pt x 100.66422pt.
</home/stirling/thesis/Conference Submission/Plots/Test Only/2communities/2communities 4.png, id=133, 702.625pt x 501.875pt>
File: /home/stirling/thesis/Conference Submission/Plots/Test Only/2communities/2communities 4.png Graphic file (type png)
<use /home/stirling/thesis/Conference Submission/Plots/Test Only/2communities/2communities 4.png>
Package pdftex.def Info: /home/stirling/thesis/Conference Submission/Plots/Test Only/2communities/2communities 4.png  used on input line 306.
(pdftex.def)             Requested size: 140.92793pt x 100.66422pt.
</home/stirling/thesis/Conference Submission/Plots/Test Only/2communities/2communities 5.png, id=134, 702.625pt x 501.875pt>
File: /home/stirling/thesis/Conference Submission/Plots/Test Only/2communities/2communities 5.png Graphic file (type png)
<use /home/stirling/thesis/Conference Submission/Plots/Test Only/2communities/2communities 5.png>
Package pdftex.def Info: /home/stirling/thesis/Conference Submission/Plots/Test Only/2communities/2communities 5.png  used on input line 306.
(pdftex.def)             Requested size: 140.92793pt x 100.66422pt.
</home/stirling/thesis/Conference Submission/Plots/Test Only/2communities/2communities 6.png, id=135, 702.625pt x 501.875pt>
File: /home/stirling/thesis/Conference Submission/Plots/Test Only/2communities/2communities 6.png Graphic file (type png)
<use /home/stirling/thesis/Conference Submission/Plots/Test Only/2communities/2communities 6.png>
Package pdftex.def Info: /home/stirling/thesis/Conference Submission/Plots/Test Only/2communities/2communities 6.png  used on input line 306.
(pdftex.def)             Requested size: 140.92793pt x 100.66422pt.
</home/stirling/thesis/Conference Submission/Plots/Test Only/2communities/2communities 7.png, id=136, 702.625pt x 501.875pt>
File: /home/stirling/thesis/Conference Submission/Plots/Test Only/2communities/2communities 7.png Graphic file (type png)
<use /home/stirling/thesis/Conference Submission/Plots/Test Only/2communities/2communities 7.png>
Package pdftex.def Info: /home/stirling/thesis/Conference Submission/Plots/Test Only/2communities/2communities 7.png  used on input line 306.
(pdftex.def)             Requested size: 140.92793pt x 100.66422pt.
</home/stirling/thesis/Conference Submission/Plots/Test Only/2communities/2communities 8.png, id=137, 702.625pt x 501.875pt>
File: /home/stirling/thesis/Conference Submission/Plots/Test Only/2communities/2communities 8.png Graphic file (type png)
<use /home/stirling/thesis/Conference Submission/Plots/Test Only/2communities/2communities 8.png>
Package pdftex.def Info: /home/stirling/thesis/Conference Submission/Plots/Test Only/2communities/2communities 8.png  used on input line 306.
(pdftex.def)             Requested size: 140.92793pt x 100.66422pt.
</home/stirling/thesis/Conference Submission/Plots/Test Only/2communities/2communities 9.png, id=138, 702.625pt x 501.875pt>
File: /home/stirling/thesis/Conference Submission/Plots/Test Only/2communities/2communities 9.png Graphic file (type png)
<use /home/stirling/thesis/Conference Submission/Plots/Test Only/2communities/2communities 9.png>
Package pdftex.def Info: /home/stirling/thesis/Conference Submission/Plots/Test Only/2communities/2communities 9.png  used on input line 306.
(pdftex.def)             Requested size: 140.92793pt x 100.66422pt.
</home/stirling/thesis/Conference Submission/Plots/Test Only/2communities/2communities 10.png, id=139, 702.625pt x 501.875pt>
File: /home/stirling/thesis/Conference Submission/Plots/Test Only/2communities/2communities 10.png Graphic file (type png)
<use /home/stirling/thesis/Conference Submission/Plots/Test Only/2communities/2communities 10.png>
Package pdftex.def Info: /home/stirling/thesis/Conference Submission/Plots/Test Only/2communities/2communities 10.png  used on input line 306.
(pdftex.def)             Requested size: 140.92793pt x 100.66422pt.
</home/stirling/thesis/Conference Submission/Plots/Test Only/2communities/2communities 11.png, id=140, 702.625pt x 501.875pt>
File: /home/stirling/thesis/Conference Submission/Plots/Test Only/2communities/2communities 11.png Graphic file (type png)
<use /home/stirling/thesis/Conference Submission/Plots/Test Only/2communities/2communities 11.png>
Package pdftex.def Info: /home/stirling/thesis/Conference Submission/Plots/Test Only/2communities/2communities 11.png  used on input line 306.
(pdftex.def)             Requested size: 140.92793pt x 100.66422pt.
</home/stirling/thesis/Conference Submission/Plots/Test Only/2communities/2communities 12.png, id=141, 702.625pt x 501.875pt>
File: /home/stirling/thesis/Conference Submission/Plots/Test Only/2communities/2communities 12.png Graphic file (type png)
<use /home/stirling/thesis/Conference Submission/Plots/Test Only/2communities/2communities 12.png>
Package pdftex.def Info: /home/stirling/thesis/Conference Submission/Plots/Test Only/2communities/2communities 12.png  used on input line 306.
(pdftex.def)             Requested size: 140.92793pt x 100.66422pt.
</home/stirling/thesis/Conference Submission/Plots/Test Only/2communities/2communities 13.png, id=142, 702.625pt x 501.875pt>
File: /home/stirling/thesis/Conference Submission/Plots/Test Only/2communities/2communities 13.png Graphic file (type png)
<use /home/stirling/thesis/Conference Submission/Plots/Test Only/2communities/2communities 13.png>
Package pdftex.def Info: /home/stirling/thesis/Conference Submission/Plots/Test Only/2communities/2communities 13.png  used on input line 306.
(pdftex.def)             Requested size: 140.92793pt x 100.66422pt.
</home/stirling/thesis/Conference Submission/Plots/Test Only/2communities/2communities 14.png, id=143, 702.625pt x 501.875pt>
File: /home/stirling/thesis/Conference Submission/Plots/Test Only/2communities/2communities 14.png Graphic file (type png)
<use /home/stirling/thesis/Conference Submission/Plots/Test Only/2communities/2communities 14.png>
Package pdftex.def Info: /home/stirling/thesis/Conference Submission/Plots/Test Only/2communities/2communities 14.png  used on input line 306.
(pdftex.def)             Requested size: 140.92793pt x 100.66422pt.
</home/stirling/thesis/Conference Submission/Plots/Test Only/2communities/2communities 15.png, id=144, 702.625pt x 501.875pt>
File: /home/stirling/thesis/Conference Submission/Plots/Test Only/2communities/2communities 15.png Graphic file (type png)
<use /home/stirling/thesis/Conference Submission/Plots/Test Only/2communities/2communities 15.png>
Package pdftex.def Info: /home/stirling/thesis/Conference Submission/Plots/Test Only/2communities/2communities 15.png  used on input line 306.
(pdftex.def)             Requested size: 140.92793pt x 100.66422pt.

Underfull \hbox (badness 10000) in paragraph at lines 306--307
[]$[]$ $[]$ $[]$
 []


Underfull \hbox (badness 10000) in paragraph at lines 306--307
[]$ $[]$ $[]$
 []


Underfull \hbox (badness 10000) in paragraph at lines 306--307
[]$ $[]$ $[]$
 []


Underfull \hbox (badness 10000) in paragraph at lines 306--307
[]$ $[]$ $[]$
 []

[4]
Underfull \hbox (badness 10000) in paragraph at lines 312--313

 []

</home/stirling/thesis/Conference Submission/Plots/Test Only/longTail/longTail 1.png, id=153, 702.625pt x 501.875pt>
File: /home/stirling/thesis/Conference Submission/Plots/Test Only/longTail/longTail 1.png Graphic file (type png)
<use /home/stirling/thesis/Conference Submission/Plots/Test Only/longTail/longTail 1.png>
Package pdftex.def Info: /home/stirling/thesis/Conference Submission/Plots/Test Only/longTail/longTail 1.png  used on input line 324.
(pdftex.def)             Requested size: 140.92793pt x 100.66422pt.
</home/stirling/thesis/Conference Submission/Plots/Test Only/longTail/longTail 2.png, id=154, 702.625pt x 501.875pt>
File: /home/stirling/thesis/Conference Submission/Plots/Test Only/longTail/longTail 2.png Graphic file (type png)
<use /home/stirling/thesis/Conference Submission/Plots/Test Only/longTail/longTail 2.png>
Package pdftex.def Info: /home/stirling/thesis/Conference Submission/Plots/Test Only/longTail/longTail 2.png  used on input line 324.
(pdftex.def)             Requested size: 140.92793pt x 100.66422pt.
</home/stirling/thesis/Conference Submission/Plots/Test Only/longTail/longTail 3.png, id=155, 702.625pt x 501.875pt>
File: /home/stirling/thesis/Conference Submission/Plots/Test Only/longTail/longTail 3.png Graphic file (type png)
<use /home/stirling/thesis/Conference Submission/Plots/Test Only/longTail/longTail 3.png>
Package pdftex.def Info: /home/stirling/thesis/Conference Submission/Plots/Test Only/longTail/longTail 3.png  used on input line 324.
(pdftex.def)             Requested size: 140.92793pt x 100.66422pt.
</home/stirling/thesis/Conference Submission/Plots/Test Only/longTail/longTail 4.png, id=156, 702.625pt x 501.875pt>
File: /home/stirling/thesis/Conference Submission/Plots/Test Only/longTail/longTail 4.png Graphic file (type png)
<use /home/stirling/thesis/Conference Submission/Plots/Test Only/longTail/longTail 4.png>
Package pdftex.def Info: /home/stirling/thesis/Conference Submission/Plots/Test Only/longTail/longTail 4.png  used on input line 324.
(pdftex.def)             Requested size: 140.92793pt x 100.66422pt.
</home/stirling/thesis/Conference Submission/Plots/Test Only/longTail/longTail 5.png, id=157, 702.625pt x 501.875pt>
File: /home/stirling/thesis/Conference Submission/Plots/Test Only/longTail/longTail 5.png Graphic file (type png)
<use /home/stirling/thesis/Conference Submission/Plots/Test Only/longTail/longTail 5.png>
Package pdftex.def Info: /home/stirling/thesis/Conference Submission/Plots/Test Only/longTail/longTail 5.png  used on input line 324.
(pdftex.def)             Requested size: 140.92793pt x 100.66422pt.
</home/stirling/thesis/Conference Submission/Plots/Test Only/longTail/longTail 6.png, id=158, 702.625pt x 501.875pt>
File: /home/stirling/thesis/Conference Submission/Plots/Test Only/longTail/longTail 6.png Graphic file (type png)
<use /home/stirling/thesis/Conference Submission/Plots/Test Only/longTail/longTail 6.png>
Package pdftex.def Info: /home/stirling/thesis/Conference Submission/Plots/Test Only/longTail/longTail 6.png  used on input line 324.
(pdftex.def)             Requested size: 140.92793pt x 100.66422pt.
</home/stirling/thesis/Conference Submission/Plots/Test Only/longTail/longTail 7.png, id=159, 702.625pt x 501.875pt>
File: /home/stirling/thesis/Conference Submission/Plots/Test Only/longTail/longTail 7.png Graphic file (type png)
<use /home/stirling/thesis/Conference Submission/Plots/Test Only/longTail/longTail 7.png>
Package pdftex.def Info: /home/stirling/thesis/Conference Submission/Plots/Test Only/longTail/longTail 7.png  used on input line 324.
(pdftex.def)             Requested size: 140.92793pt x 100.66422pt.
</home/stirling/thesis/Conference Submission/Plots/Test Only/longTail/longTail 8.png, id=160, 702.625pt x 501.875pt>
File: /home/stirling/thesis/Conference Submission/Plots/Test Only/longTail/longTail 8.png Graphic file (type png)
<use /home/stirling/thesis/Conference Submission/Plots/Test Only/longTail/longTail 8.png>
Package pdftex.def Info: /home/stirling/thesis/Conference Submission/Plots/Test Only/longTail/longTail 8.png  used on input line 324.
(pdftex.def)             Requested size: 140.92793pt x 100.66422pt.
</home/stirling/thesis/Conference Submission/Plots/Test Only/longTail/longTail 9.png, id=161, 702.625pt x 501.875pt>
File: /home/stirling/thesis/Conference Submission/Plots/Test Only/longTail/longTail 9.png Graphic file (type png)
<use /home/stirling/thesis/Conference Submission/Plots/Test Only/longTail/longTail 9.png>
Package pdftex.def Info: /home/stirling/thesis/Conference Submission/Plots/Test Only/longTail/longTail 9.png  used on input line 324.
(pdftex.def)             Requested size: 140.92793pt x 100.66422pt.
</home/stirling/thesis/Conference Submission/Plots/Test Only/longTail/longTail 10.png, id=162, 702.625pt x 501.875pt>
File: /home/stirling/thesis/Conference Submission/Plots/Test Only/longTail/longTail 10.png Graphic file (type png)
<use /home/stirling/thesis/Conference Submission/Plots/Test Only/longTail/longTail 10.png>
Package pdftex.def Info: /home/stirling/thesis/Conference Submission/Plots/Test Only/longTail/longTail 10.png  used on input line 324.
(pdftex.def)             Requested size: 140.92793pt x 100.66422pt.
</home/stirling/thesis/Conference Submission/Plots/Test Only/longTail/longTail 11.png, id=163, 702.625pt x 501.875pt>
File: /home/stirling/thesis/Conference Submission/Plots/Test Only/longTail/longTail 11.png Graphic file (type png)
<use /home/stirling/thesis/Conference Submission/Plots/Test Only/longTail/longTail 11.png>
Package pdftex.def Info: /home/stirling/thesis/Conference Submission/Plots/Test Only/longTail/longTail 11.png  used on input line 324.
(pdftex.def)             Requested size: 140.92793pt x 100.66422pt.
</home/stirling/thesis/Conference Submission/Plots/Test Only/longTail/longTail 12.png, id=164, 702.625pt x 501.875pt>
File: /home/stirling/thesis/Conference Submission/Plots/Test Only/longTail/longTail 12.png Graphic file (type png)
<use /home/stirling/thesis/Conference Submission/Plots/Test Only/longTail/longTail 12.png>
Package pdftex.def Info: /home/stirling/thesis/Conference Submission/Plots/Test Only/longTail/longTail 12.png  used on input line 324.
(pdftex.def)             Requested size: 140.92793pt x 100.66422pt.
</home/stirling/thesis/Conference Submission/Plots/Test Only/longTail/longTail 13.png, id=165, 702.625pt x 501.875pt>
File: /home/stirling/thesis/Conference Submission/Plots/Test Only/longTail/longTail 13.png Graphic file (type png)
<use /home/stirling/thesis/Conference Submission/Plots/Test Only/longTail/longTail 13.png>
Package pdftex.def Info: /home/stirling/thesis/Conference Submission/Plots/Test Only/longTail/longTail 13.png  used on input line 324.
(pdftex.def)             Requested size: 140.92793pt x 100.66422pt.
</home/stirling/thesis/Conference Submission/Plots/Test Only/longTail/longTail 14.png, id=166, 702.625pt x 501.875pt>
File: /home/stirling/thesis/Conference Submission/Plots/Test Only/longTail/longTail 14.png Graphic file (type png)
<use /home/stirling/thesis/Conference Submission/Plots/Test Only/longTail/longTail 14.png>
Package pdftex.def Info: /home/stirling/thesis/Conference Submission/Plots/Test Only/longTail/longTail 14.png  used on input line 324.
(pdftex.def)             Requested size: 140.92793pt x 100.66422pt.
</home/stirling/thesis/Conference Submission/Plots/Test Only/longTail/longTail 15.png, id=167, 702.625pt x 501.875pt>
File: /home/stirling/thesis/Conference Submission/Plots/Test Only/longTail/longTail 15.png Graphic file (type png)
<use /home/stirling/thesis/Conference Submission/Plots/Test Only/longTail/longTail 15.png>
Package pdftex.def Info: /home/stirling/thesis/Conference Submission/Plots/Test Only/longTail/longTail 15.png  used on input line 324.
(pdftex.def)             Requested size: 140.92793pt x 100.66422pt.

Underfull \hbox (badness 10000) in paragraph at lines 324--325
[]$[]$ $[]$ $[]$
 []


Underfull \hbox (badness 10000) in paragraph at lines 324--325
[]$ $[]$ $[]$
 []


Underfull \hbox (badness 10000) in paragraph at lines 324--325
[]$ $[]$ $[]$
 []


Underfull \hbox (badness 10000) in paragraph at lines 324--325
[]$ $[]$ $[]$
 []

</home/stirling/thesis/Conference Submission/Plots/Test Only/3community/3community 1.png, id=169, 702.625pt x 501.875pt>
File: /home/stirling/thesis/Conference Submission/Plots/Test Only/3community/3community 1.png Graphic file (type png)
<use /home/stirling/thesis/Conference Submission/Plots/Test Only/3community/3community 1.png>
Package pdftex.def Info: /home/stirling/thesis/Conference Submission/Plots/Test Only/3community/3community 1.png  used on input line 342.
(pdftex.def)             Requested size: 140.92793pt x 100.66422pt.
</home/stirling/thesis/Conference Submission/Plots/Test Only/3community/3community 2.png, id=170, 702.625pt x 501.875pt>
File: /home/stirling/thesis/Conference Submission/Plots/Test Only/3community/3community 2.png Graphic file (type png)
<use /home/stirling/thesis/Conference Submission/Plots/Test Only/3community/3community 2.png>
Package pdftex.def Info: /home/stirling/thesis/Conference Submission/Plots/Test Only/3community/3community 2.png  used on input line 342.
(pdftex.def)             Requested size: 140.92793pt x 100.66422pt.
</home/stirling/thesis/Conference Submission/Plots/Test Only/3community/3community 3.png, id=171, 702.625pt x 501.875pt>
File: /home/stirling/thesis/Conference Submission/Plots/Test Only/3community/3community 3.png Graphic file (type png)
<use /home/stirling/thesis/Conference Submission/Plots/Test Only/3community/3community 3.png>
Package pdftex.def Info: /home/stirling/thesis/Conference Submission/Plots/Test Only/3community/3community 3.png  used on input line 342.
(pdftex.def)             Requested size: 140.92793pt x 100.66422pt.
</home/stirling/thesis/Conference Submission/Plots/Test Only/3community/3community 4.png, id=172, 702.625pt x 501.875pt>
File: /home/stirling/thesis/Conference Submission/Plots/Test Only/3community/3community 4.png Graphic file (type png)
<use /home/stirling/thesis/Conference Submission/Plots/Test Only/3community/3community 4.png>
Package pdftex.def Info: /home/stirling/thesis/Conference Submission/Plots/Test Only/3community/3community 4.png  used on input line 342.
(pdftex.def)             Requested size: 140.92793pt x 100.66422pt.
</home/stirling/thesis/Conference Submission/Plots/Test Only/3community/3community 5.png, id=173, 702.625pt x 501.875pt>
File: /home/stirling/thesis/Conference Submission/Plots/Test Only/3community/3community 5.png Graphic file (type png)
<use /home/stirling/thesis/Conference Submission/Plots/Test Only/3community/3community 5.png>
Package pdftex.def Info: /home/stirling/thesis/Conference Submission/Plots/Test Only/3community/3community 5.png  used on input line 342.
(pdftex.def)             Requested size: 140.92793pt x 100.66422pt.
</home/stirling/thesis/Conference Submission/Plots/Test Only/3community/3community 6.png, id=174, 702.625pt x 501.875pt>
File: /home/stirling/thesis/Conference Submission/Plots/Test Only/3community/3community 6.png Graphic file (type png)
<use /home/stirling/thesis/Conference Submission/Plots/Test Only/3community/3community 6.png>
Package pdftex.def Info: /home/stirling/thesis/Conference Submission/Plots/Test Only/3community/3community 6.png  used on input line 342.
(pdftex.def)             Requested size: 140.92793pt x 100.66422pt.
</home/stirling/thesis/Conference Submission/Plots/Test Only/3community/3community 7.png, id=175, 702.625pt x 501.875pt>
File: /home/stirling/thesis/Conference Submission/Plots/Test Only/3community/3community 7.png Graphic file (type png)
<use /home/stirling/thesis/Conference Submission/Plots/Test Only/3community/3community 7.png>
Package pdftex.def Info: /home/stirling/thesis/Conference Submission/Plots/Test Only/3community/3community 7.png  used on input line 342.
(pdftex.def)             Requested size: 140.92793pt x 100.66422pt.
</home/stirling/thesis/Conference Submission/Plots/Test Only/3community/3community 8.png, id=176, 702.625pt x 501.875pt>
File: /home/stirling/thesis/Conference Submission/Plots/Test Only/3community/3community 8.png Graphic file (type png)
<use /home/stirling/thesis/Conference Submission/Plots/Test Only/3community/3community 8.png>
Package pdftex.def Info: /home/stirling/thesis/Conference Submission/Plots/Test Only/3community/3community 8.png  used on input line 342.
(pdftex.def)             Requested size: 140.92793pt x 100.66422pt.
</home/stirling/thesis/Conference Submission/Plots/Test Only/3community/3community 9.png, id=177, 702.625pt x 501.875pt>
File: /home/stirling/thesis/Conference Submission/Plots/Test Only/3community/3community 9.png Graphic file (type png)
<use /home/stirling/thesis/Conference Submission/Plots/Test Only/3community/3community 9.png>
Package pdftex.def Info: /home/stirling/thesis/Conference Submission/Plots/Test Only/3community/3community 9.png  used on input line 342.
(pdftex.def)             Requested size: 140.92793pt x 100.66422pt.
</home/stirling/thesis/Conference Submission/Plots/Test Only/3community/3community 10.png, id=178, 702.625pt x 501.875pt>
File: /home/stirling/thesis/Conference Submission/Plots/Test Only/3community/3community 10.png Graphic file (type png)
<use /home/stirling/thesis/Conference Submission/Plots/Test Only/3community/3community 10.png>
Package pdftex.def Info: /home/stirling/thesis/Conference Submission/Plots/Test Only/3community/3community 10.png  used on input line 342.
(pdftex.def)             Requested size: 140.92793pt x 100.66422pt.
</home/stirling/thesis/Conference Submission/Plots/Test Only/3community/3community 11.png, id=179, 702.625pt x 501.875pt>
File: /home/stirling/thesis/Conference Submission/Plots/Test Only/3community/3community 11.png Graphic file (type png)
<use /home/stirling/thesis/Conference Submission/Plots/Test Only/3community/3community 11.png>
Package pdftex.def Info: /home/stirling/thesis/Conference Submission/Plots/Test Only/3community/3community 11.png  used on input line 342.
(pdftex.def)             Requested size: 140.92793pt x 100.66422pt.
</home/stirling/thesis/Conference Submission/Plots/Test Only/3community/3community 12.png, id=180, 702.625pt x 501.875pt>
File: /home/stirling/thesis/Conference Submission/Plots/Test Only/3community/3community 12.png Graphic file (type png)
<use /home/stirling/thesis/Conference Submission/Plots/Test Only/3community/3community 12.png>
Package pdftex.def Info: /home/stirling/thesis/Conference Submission/Plots/Test Only/3community/3community 12.png  used on input line 342.
(pdftex.def)             Requested size: 140.92793pt x 100.66422pt.
</home/stirling/thesis/Conference Submission/Plots/Test Only/3community/3community 13.png, id=181, 702.625pt x 501.875pt>
File: /home/stirling/thesis/Conference Submission/Plots/Test Only/3community/3community 13.png Graphic file (type png)
<use /home/stirling/thesis/Conference Submission/Plots/Test Only/3community/3community 13.png>
Package pdftex.def Info: /home/stirling/thesis/Conference Submission/Plots/Test Only/3community/3community 13.png  used on input line 342.
(pdftex.def)             Requested size: 140.92793pt x 100.66422pt.
</home/stirling/thesis/Conference Submission/Plots/Test Only/3community/3community 14.png, id=182, 702.625pt x 501.875pt>
File: /home/stirling/thesis/Conference Submission/Plots/Test Only/3community/3community 14.png Graphic file (type png)
<use /home/stirling/thesis/Conference Submission/Plots/Test Only/3community/3community 14.png>
Package pdftex.def Info: /home/stirling/thesis/Conference Submission/Plots/Test Only/3community/3community 14.png  used on input line 342.
(pdftex.def)             Requested size: 140.92793pt x 100.66422pt.
</home/stirling/thesis/Conference Submission/Plots/Test Only/3community/3community 15.png, id=183, 702.625pt x 501.875pt>
File: /home/stirling/thesis/Conference Submission/Plots/Test Only/3community/3community 15.png Graphic file (type png)
<use /home/stirling/thesis/Conference Submission/Plots/Test Only/3community/3community 15.png>
Package pdftex.def Info: /home/stirling/thesis/Conference Submission/Plots/Test Only/3community/3community 15.png  used on input line 342.
(pdftex.def)             Requested size: 140.92793pt x 100.66422pt.

Underfull \hbox (badness 10000) in paragraph at lines 342--343
[]$[]$ $[]$ $[]$
 []


Underfull \hbox (badness 10000) in paragraph at lines 342--343
[]$ $[]$ $[]$
 []


Underfull \hbox (badness 10000) in paragraph at lines 342--343
[]$ $[]$ $[]$
 []


Underfull \hbox (badness 10000) in paragraph at lines 342--343
[]$ $[]$ $[]$
 []

[5] [6 </home/stirling/thesis/Conference Submission/Plots/Test Only/2communities/2communities 1.png> </home/stirling/thesis/Conference Submission/Plots/Test Only/2communities/2communities 2.png> </home/stirling/thesis/Conference Submission/Plots/Test Only/2communities/2communities 3.png> </home/stirling/thesis/Conference Submission/Plots/Test Only/2communities/2communities 4.png> </home/stirling/thesis/Conference Submission/Plots/Test Only/2communities/2communities 5.png> </home/stirling/thesis/Conference Submission/Plots/Test Only/2communities/2communities 6.png> </home/stirling/thesis/Conference Submission/Plots/Test Only/2communities/2communities 7.png> </home/stirling/thesis/Conference Submission/Plots/Test Only/2communities/2communities 8.png> </home/stirling/thesis/Conference Submission/Plots/Test Only/2communities/2communities 9.png> </home/stirling/thesis/Conference Submission/Plots/Test Only/2communities/2communities 10.png> </home/stirling/thesis/Conference Submission/Plots/Test Only/2communities/2communities 11.png> </home/stirling/thesis/Conference Submission/Plots/Test Only/2communities/2communities 12.png> </home/stirling/thesis/Conference Submission/Plots/Test Only/2communities/2communities 13.png> </home/stirling/thesis/Conference Submission/Plots/Test Only/2communities/2communities 14.png> </home/stirling/thesis/Conference Submission/Plots/Test Only/2communities/2communities 15.png>] [7 </home/stirling/thesis/Conference Submission/Plots/Test Only/longTail/longTail 1.png> </home/stirling/thesis/Conference Submission/Plots/Test Only/longTail/longTail 2.png> </home/stirling/thesis/Conference Submission/Plots/Test Only/longTail/longTail 3.png> </home/stirling/thesis/Conference Submission/Plots/Test Only/longTail/longTail 4.png> </home/stirling/thesis/Conference Submission/Plots/Test Only/longTail/longTail 5.png> </home/stirling/thesis/Conference Submission/Plots/Test Only/longTail/longTail 6.png> </home/stirling/thesis/Conference Submission/Plots/Test Only/longTail/longTail 7.png> </home/stirling/thesis/Conference Submission/Plots/Test Only/longTail/longTail 8.png> </home/stirling/thesis/Conference Submission/Plots/Test Only/longTail/longTail 9.png> </home/stirling/thesis/Conference Submission/Plots/Test Only/longTail/longTail 10.png> </home/stirling/thesis/Conference Submission/Plots/Test Only/longTail/longTail 11.png> </home/stirling/thesis/Conference Submission/Plots/Test Only/longTail/longTail 12.png> </home/stirling/thesis/Conference Submission/Plots/Test Only/longTail/longTail 13.png> </home/stirling/thesis/Conference Submission/Plots/Test Only/longTail/longTail 14.png> </home/stirling/thesis/Conference Submission/Plots/Test Only/longTail/longTail 15.png>] [8 </home/stirling/thesis/Conference Submission/Plots/Test Only/3community/3community 1.png> </home/stirling/thesis/Conference Submission/Plots/Test Only/3community/3community 2.png> </home/stirling/thesis/Conference Submission/Plots/Test Only/3community/3community 3.png> </home/stirling/thesis/Conference Submission/Plots/Test Only/3community/3community 4.png> </home/stirling/thesis/Conference Submission/Plots/Test Only/3community/3community 5.png> </home/stirling/thesis/Conference Submission/Plots/Test Only/3community/3community 6.png> </home/stirling/thesis/Conference Submission/Plots/Test Only/3community/3community 7.png> </home/stirling/thesis/Conference Submission/Plots/Test Only/3community/3community 8.png> </home/stirling/thesis/Conference Submission/Plots/Test Only/3community/3community 9.png> </home/stirling/thesis/Conference Submission/Plots/Test Only/3community/3community 10.png> </home/stirling/thesis/Conference Submission/Plots/Test Only/3community/3community 11.png> </home/stirling/thesis/Conference Submission/Plots/Test Only/3community/3community 12.png> </home/stirling/thesis/Conference Submission/Plots/Test Only/3community/3community 13.png> </home/stirling/thesis/Conference Submission/Plots/Test Only/3community/3community 14.png> </home/stirling/thesis/Conference Submission/Plots/Test Only/3community/3community 15.png>]
Overfull \hbox (31.34352pt too wide) in paragraph at lines 364--364
[]\OT1/cmr/m/n/10 Rackauckas, C. \OT1/cmr/m/it/10 et al. \OT1/cmr/m/n/10 Uni-ver-sal Dif-fer-en-tial Equa-tions for Sci-en-tific Ma-chine Learn-ing. \OT1/cmr/m/it/10 CoRR \OT1/cmr/bx/n/10 abs/2001.04385.
 []

[9] (./DraftDoc.aux)
Package rerunfilecheck Info: File `DraftDoc.out' has not changed.
(rerunfilecheck)             Checksum: 8F91F3C4CF4CE7FE5C4C5871D4034F7D;963.
Package logreq Info: Writing requests to 'DraftDoc.run.xml'.
\openout1 = `DraftDoc.run.xml'.

 ) 
Here is how much of TeX's memory you used:
 34898 strings out of 478238
 687996 string characters out of 5850455
 1406318 words of memory out of 5000000
 52429 multiletter control sequences out of 15000+600000
 476092 words of font info for 55 fonts, out of 8000000 for 9000
 1141 hyphenation exceptions out of 8191
 100i,21n,117p,1034b,1423s stack positions out of 5000i,500n,10000p,200000b,80000s
</usr/share/texmf-dist/fonts/type1/public/amsfonts/cm/cmbx10.pfb></usr/share/texmf-dist/fonts/type1/public/amsfonts/cm/cmbx12.pfb></usr/share/texmf-dist/fonts/type1/public/amsfonts/cm/cmex10.pfb></usr/share/texmf-dist/fonts/type1/public/amsfonts/cm/cmmi10.pfb></usr/share/texmf-dist/fonts/type1/public/amsfonts/cm/cmmi7.pfb></usr/share/texmf-dist/fonts/type1/public/amsfonts/cm/cmmi9.pfb></usr/share/texmf-dist/fonts/type1/public/amsfonts/cm/cmr10.pfb></usr/share/texmf-dist/fonts/type1/public/amsfonts/cm/cmr7.pfb></usr/share/texmf-dist/fonts/type1/public/amsfonts/cm/cmr9.pfb></usr/share/texmf-dist/fonts/type1/public/amsfonts/cm/cmsy10.pfb></usr/share/texmf-dist/fonts/type1/public/amsfonts/cm/cmsy7.pfb></usr/share/texmf-dist/fonts/type1/public/amsfonts/cm/cmti10.pfb></usr/share/texmf-dist/fonts/type1/public/amsfonts/cm/cmtt10.pfb></usr/share/texmf-dist/fonts/type1/public/amsfonts/symbols/msbm10.pfb>
Output written on DraftDoc.pdf (9 pages, 861915 bytes).
PDF statistics:
 337 PDF objects out of 1000 (max. 8388607)
 204 compressed objects within 3 object streams
 48 named destinations out of 1000 (max. 500000)
 302 words of extra memory for PDF output out of 10000 (max. 10000000)

